Notice: timing checks disabled with +notimingcheck at compile-time
Chronologic VCS simulator copyright 1991-2022
Contains Synopsys proprietary information.
Compiler version T-2022.06-SP2-9_Full64; Runtime version T-2022.06-SP2-9_Full64;  May  3 14:06 2026
========================================
  RiscvCore SoC Testbench
========================================

[STEP 1] Applying reset...
         PORESETn released, HRESETn=1
         HRESETn high after 0 cycles

[STEP 2] Loading IMEM...
         IMEM[0x0000] = 0x00300193
         IMEM[0x0004] = 0x00302023
         IMEM[0x0008] = 0x00100213
         IMEM[0x000c] = 0x404181b3
         IMEM[0x0010] = 0x00302023
         IMEM[0x0014] = 0xfe019ce3
         IMEM[0x0018] = 0x00000293
         IMEM[0x001c] = 0x000932b7
         IMEM[0x0020] = 0x00502023
         IMEM[0x0024] = 0x00000297
         IMEM[0x0028] = 0x00502023
         IMEM[0x002c] = 0x00a00313
         IMEM[0x0030] = 0x00602223
         IMEM[0x0034] = 0x00402283
         IMEM[0x0038] = 0x00502023
         IMEM[0x003c] = 0x0140086f
         IMEM[0x0040] = 0x00000a63
         IMEM[0x0044] = 0x00000013
         IMEM[0x0048] = 0x00000013
         IMEM[0x004c] = 0x00000013
         IMEM[0x0050] = 0x00080067
         IMEM[0x0054] = 0x00000013

[STEP 3] Setting CTRL = RUN...
         CTRL = 0x1

[STEP 4] Execution trace:
Cycle | Edge | PC             | Instruction    | DMEM[0]        | DMEM[4]        | stall
---------------------------------------------------------------------------
    0 | ^ | PC=0x00000014 | INSTR=0xfe019ce3 | DMEM[0]=0x00000000 | DMEM[4]=0xxxxxxxxx | stall=0
    0 | v | PC=0x00000018 | INSTR=0x00000293 | DMEM[0]=0x00000000 | DMEM[4]=0xxxxxxxxx | stall=0
    1 | ^ | PC=0x00000018 | INSTR=0x00000293 | DMEM[0]=0x00000000 | DMEM[4]=0xxxxxxxxx | stall=0
    1 | v | PC=0x0000001c | INSTR=0x000932b7 | DMEM[0]=0x00000000 | DMEM[4]=0xxxxxxxxx | stall=0
    2 | ^ | PC=0x0000001c | INSTR=0x000932b7 | DMEM[0]=0x00000000 | DMEM[4]=0xxxxxxxxx | stall=0
    2 | v | PC=0x00000020 | INSTR=0x00502023 | DMEM[0]=0x00000000 | DMEM[4]=0xxxxxxxxx | stall=0
    3 | ^ | PC=0x00000020 | INSTR=0x00502023 | DMEM[0]=0x00000000 | DMEM[4]=0xxxxxxxxx | stall=0
    3 | v | PC=0x00000024 | INSTR=0x00000297 | DMEM[0]=0x00000000 | DMEM[4]=0xxxxxxxxx | stall=0
    4 | ^ | PC=0x00000024 | INSTR=0x00000297 | DMEM[0]=0x00000000 | DMEM[4]=0xxxxxxxxx | stall=0
    4 | v | PC=0x00000028 | INSTR=0x00502023 | DMEM[0]=0x00000000 | DMEM[4]=0xxxxxxxxx | stall=0
    5 | ^ | PC=0x00000028 | INSTR=0x00502023 | DMEM[0]=0x00000000 | DMEM[4]=0xxxxxxxxx | stall=0
    5 | v | PC=0x0000002c | INSTR=0x00a00313 | DMEM[0]=0x00000000 | DMEM[4]=0xxxxxxxxx | stall=0
    6 | ^ | PC=0x0000002c | INSTR=0x00a00313 | DMEM[0]=0x00000000 | DMEM[4]=0xxxxxxxxx | stall=0
    6 | v | PC=0x00000030 | INSTR=0x00602223 | DMEM[0]=0x00000000 | DMEM[4]=0xxxxxxxxx | stall=0
    7 | ^ | PC=0x00000030 | INSTR=0x00602223 | DMEM[0]=0x00000000 | DMEM[4]=0xxxxxxxxx | stall=0
    7 | v | PC=0x00000034 | INSTR=0x00402283 | DMEM[0]=0x00000000 | DMEM[4]=0xxxxxxxxx | stall=0
    8 | ^ | PC=0x00000034 | INSTR=0x00402283 | DMEM[0]=0x00000000 | DMEM[4]=0xxxxxxxxx | stall=0
    8 | v | PC=0x00000038 | INSTR=0x00502023 | DMEM[0]=0x00000000 | DMEM[4]=0xxxxxxxxx | stall=0
    9 | ^ | PC=0x00000038 | INSTR=0x00502023 | DMEM[0]=0x00000000 | DMEM[4]=0xxxxxxxxx | stall=0
    9 | v | PC=0x0000003c | INSTR=0x0140086f | DMEM[0]=0x00000000 | DMEM[4]=0xxxxxxxxx | stall=0
   10 | ^ | PC=0x0000003c | INSTR=0x0140086f | DMEM[0]=0x00000000 | DMEM[4]=0xxxxxxxxx | stall=0
   10 | v | PC=0x00000040 | INSTR=0x00000a63 | DMEM[0]=0x00000000 | DMEM[4]=0xxxxxxxxx | stall=0
   11 | ^ | PC=0x00000040 | INSTR=0x00000a63 | DMEM[0]=0x00000000 | DMEM[4]=0xxxxxxxxx | stall=0
   11 | v | PC=0x00000044 | INSTR=0x00000013 | DMEM[0]=0x00000000 | DMEM[4]=0xxxxxxxxx | stall=0
   12 | ^ | PC=0x00000044 | INSTR=0x00000013 | DMEM[0]=0x00000000 | DMEM[4]=0xxxxxxxxx | stall=0
   12 | v | PC=0x00000048 | INSTR=0x00000013 | DMEM[0]=0x00000000 | DMEM[4]=0xxxxxxxxx | stall=0
   13 | ^ | PC=0x00000048 | INSTR=0x00000013 | DMEM[0]=0x00000000 | DMEM[4]=0xxxxxxxxx | stall=0
   13 | v | PC=0x0000004c | INSTR=0x00000013 | DMEM[0]=0x00000000 | DMEM[4]=0xxxxxxxxx | stall=0
   14 | ^ | PC=0x0000004c | INSTR=0x00000013 | DMEM[0]=0x00000000 | DMEM[4]=0xxxxxxxxx | stall=0
   14 | v | PC=0x00000050 | INSTR=0x00080067 | DMEM[0]=0x00000000 | DMEM[4]=0xxxxxxxxx | stall=0
   15 | ^ | PC=0x00000050 | INSTR=0x00080067 | DMEM[0]=0x00000000 | DMEM[4]=0xxxxxxxxx | stall=0
   15 | v | PC=0x00000850 | INSTR=0x00000013 | DMEM[0]=0x00000000 | DMEM[4]=0xxxxxxxxx | stall=0
   16 | ^ | PC=0x00000850 | INSTR=0x00000013 | DMEM[0]=0x00000000 | DMEM[4]=0xxxxxxxxx | stall=0
   16 | v | PC=0x00001050 | INSTR=0x00000013 | DMEM[0]=0x00000000 | DMEM[4]=0xxxxxxxxx | stall=0
   17 | ^ | PC=0x00001050 | INSTR=0x00000013 | DMEM[0]=0x00000000 | DMEM[4]=0xxxxxxxxx | stall=0
   17 | v | PC=0x00001850 | INSTR=0x00000013 | DMEM[0]=0x00000000 | DMEM[4]=0xxxxxxxxx | stall=0
   18 | ^ | PC=0x00001850 | INSTR=0x00000013 | DMEM[0]=0x00000000 | DMEM[4]=0xxxxxxxxx | stall=0
   18 | v | PC=0x00002050 | INSTR=0x00000013 | DMEM[0]=0x00000000 | DMEM[4]=0xxxxxxxxx | stall=0
   19 | ^ | PC=0x00002050 | INSTR=0x00000013 | DMEM[0]=0x00000000 | DMEM[4]=0xxxxxxxxx | stall=0
   19 | v | PC=0x00002850 | INSTR=0x00000013 | DMEM[0]=0x00000000 | DMEM[4]=0xxxxxxxxx | stall=0
   20 | ^ | PC=0x00002850 | INSTR=0x00000013 | DMEM[0]=0x00000000 | DMEM[4]=0xxxxxxxxx | stall=0
   20 | v | PC=0x00003050 | INSTR=0x00000013 | DMEM[0]=0x00000000 | DMEM[4]=0xxxxxxxxx | stall=0
   21 | ^ | PC=0x00003050 | INSTR=0x00000013 | DMEM[0]=0x00000000 | DMEM[4]=0xxxxxxxxx | stall=0
   21 | v | PC=0x00003850 | INSTR=0x00000013 | DMEM[0]=0x00000000 | DMEM[4]=0xxxxxxxxx | stall=0
   22 | ^ | PC=0x00003850 | INSTR=0x00000013 | DMEM[0]=0x00000000 | DMEM[4]=0xxxxxxxxx | stall=0
   22 | v | PC=0x00004050 | INSTR=0x00000013 | DMEM[0]=0x00000000 | DMEM[4]=0xxxxxxxxx | stall=0
   23 | ^ | PC=0x00004050 | INSTR=0x00000013 | DMEM[0]=0x00000000 | DMEM[4]=0xxxxxxxxx | stall=0
   23 | v | PC=0x00004850 | INSTR=0x00000013 | DMEM[0]=0x00000000 | DMEM[4]=0xxxxxxxxx | stall=0
   24 | ^ | PC=0x00004850 | INSTR=0x00000013 | DMEM[0]=0x00000000 | DMEM[4]=0xxxxxxxxx | stall=0
   24 | v | PC=0x00005050 | INSTR=0x00000013 | DMEM[0]=0x00000000 | DMEM[4]=0xxxxxxxxx | stall=0
   25 | ^ | PC=0x00005050 | INSTR=0x00000013 | DMEM[0]=0x00000000 | DMEM[4]=0xxxxxxxxx | stall=0
   25 | v | PC=0x00005850 | INSTR=0x00000013 | DMEM[0]=0x00000000 | DMEM[4]=0xxxxxxxxx | stall=0
   26 | ^ | PC=0x00005850 | INSTR=0x00000013 | DMEM[0]=0x00000000 | DMEM[4]=0xxxxxxxxx | stall=0
   26 | v | PC=0x00006050 | INSTR=0x00000013 | DMEM[0]=0x00000000 | DMEM[4]=0xxxxxxxxx | stall=0
   27 | ^ | PC=0x00006050 | INSTR=0x00000013 | DMEM[0]=0x00000000 | DMEM[4]=0xxxxxxxxx | stall=0
   27 | v | PC=0x00006850 | INSTR=0x00000013 | DMEM[0]=0x00000000 | DMEM[4]=0xxxxxxxxx | stall=0
   28 | ^ | PC=0x00006850 | INSTR=0x00000013 | DMEM[0]=0x00000000 | DMEM[4]=0xxxxxxxxx | stall=0
   28 | v | PC=0x00007050 | INSTR=0x00000013 | DMEM[0]=0x00000000 | DMEM[4]=0xxxxxxxxx | stall=0
   29 | ^ | PC=0x00007050 | INSTR=0x00000013 | DMEM[0]=0x00000000 | DMEM[4]=0xxxxxxxxx | stall=0
   29 | v | PC=0x00007850 | INSTR=0x00000013 | DMEM[0]=0x00000000 | DMEM[4]=0xxxxxxxxx | stall=0
   30 | ^ | PC=0x00007850 | INSTR=0x00000013 | DMEM[0]=0x00000000 | DMEM[4]=0xxxxxxxxx | stall=0
   30 | v | PC=0x00008050 | INSTR=0x00000013 | DMEM[0]=0x00000000 | DMEM[4]=0xxxxxxxxx | stall=0
   31 | ^ | PC=0x00008050 | INSTR=0x00000013 | DMEM[0]=0x00000000 | DMEM[4]=0xxxxxxxxx | stall=0
   31 | v | PC=0x00008850 | INSTR=0x00000013 | DMEM[0]=0x00000000 | DMEM[4]=0xxxxxxxxx | stall=0
   32 | ^ | PC=0x00008850 | INSTR=0x00000013 | DMEM[0]=0x00000000 | DMEM[4]=0xxxxxxxxx | stall=0
   32 | v | PC=0x00009050 | INSTR=0x00000013 | DMEM[0]=0x00000000 | DMEM[4]=0xxxxxxxxx | stall=0
   33 | ^ | PC=0x00009050 | INSTR=0x00000013 | DMEM[0]=0x00000000 | DMEM[4]=0xxxxxxxxx | stall=0
   33 | v | PC=0x00009850 | INSTR=0x00000013 | DMEM[0]=0x00000000 | DMEM[4]=0xxxxxxxxx | stall=0
   34 | ^ | PC=0x00009850 | INSTR=0x00000013 | DMEM[0]=0x00000000 | DMEM[4]=0xxxxxxxxx | stall=0
   34 | v | PC=0x0000a050 | INSTR=0x00000013 | DMEM[0]=0x00000000 | DMEM[4]=0xxxxxxxxx | stall=0
   35 | ^ | PC=0x0000a050 | INSTR=0x00000013 | DMEM[0]=0x00000000 | DMEM[4]=0xxxxxxxxx | stall=0
   35 | v | PC=0x0000a850 | INSTR=0x00000013 | DMEM[0]=0x00000000 | DMEM[4]=0xxxxxxxxx | stall=0
   36 | ^ | PC=0x0000a850 | INSTR=0x00000013 | DMEM[0]=0x00000000 | DMEM[4]=0xxxxxxxxx | stall=0
   36 | v | PC=0x0000b050 | INSTR=0x00000013 | DMEM[0]=0x00000000 | DMEM[4]=0xxxxxxxxx | stall=0
   37 | ^ | PC=0x0000b050 | INSTR=0x00000013 | DMEM[0]=0x00000000 | DMEM[4]=0xxxxxxxxx | stall=0
   37 | v | PC=0x0000b850 | INSTR=0x00000013 | DMEM[0]=0x00000000 | DMEM[4]=0xxxxxxxxx | stall=0
   38 | ^ | PC=0x0000b850 | INSTR=0x00000013 | DMEM[0]=0x00000000 | DMEM[4]=0xxxxxxxxx | stall=0
   38 | v | PC=0x0000c050 | INSTR=0x00000013 | DMEM[0]=0x00000000 | DMEM[4]=0xxxxxxxxx | stall=0
   39 | ^ | PC=0x0000c050 | INSTR=0x00000013 | DMEM[0]=0x00000000 | DMEM[4]=0xxxxxxxxx | stall=0
   39 | v | PC=0x0000c850 | INSTR=0x00000013 | DMEM[0]=0x00000000 | DMEM[4]=0xxxxxxxxx | stall=0
   40 | ^ | PC=0x0000c850 | INSTR=0x00000013 | DMEM[0]=0x00000000 | DMEM[4]=0xxxxxxxxx | stall=0
   40 | v | PC=0x0000d050 | INSTR=0x00000013 | DMEM[0]=0x00000000 | DMEM[4]=0xxxxxxxxx | stall=0
   41 | ^ | PC=0x0000d050 | INSTR=0x00000013 | DMEM[0]=0x00000000 | DMEM[4]=0xxxxxxxxx | stall=0
   41 | v | PC=0x0000d850 | INSTR=0x00000013 | DMEM[0]=0x00000000 | DMEM[4]=0xxxxxxxxx | stall=0
   42 | ^ | PC=0x0000d850 | INSTR=0x00000013 | DMEM[0]=0x00000000 | DMEM[4]=0xxxxxxxxx | stall=0
   42 | v | PC=0x0000e050 | INSTR=0x00000013 | DMEM[0]=0x00000000 | DMEM[4]=0xxxxxxxxx | stall=0
   43 | ^ | PC=0x0000e050 | INSTR=0x00000013 | DMEM[0]=0x00000000 | DMEM[4]=0xxxxxxxxx | stall=0
   43 | v | PC=0x0000e850 | INSTR=0x00000013 | DMEM[0]=0x00000000 | DMEM[4]=0xxxxxxxxx | stall=0
   44 | ^ | PC=0x0000e850 | INSTR=0x00000013 | DMEM[0]=0x00000000 | DMEM[4]=0xxxxxxxxx | stall=0
   44 | v | PC=0x0000f050 | INSTR=0x00000013 | DMEM[0]=0x00000000 | DMEM[4]=0xxxxxxxxx | stall=0
   45 | ^ | PC=0x0000f050 | INSTR=0x00000013 | DMEM[0]=0x00000000 | DMEM[4]=0xxxxxxxxx | stall=0
   45 | v | PC=0x0000f850 | INSTR=0x00000013 | DMEM[0]=0x00000000 | DMEM[4]=0xxxxxxxxx | stall=0
   46 | ^ | PC=0x0000f850 | INSTR=0x00000013 | DMEM[0]=0x00000000 | DMEM[4]=0xxxxxxxxx | stall=0
   46 | v | PC=0x00010050 | INSTR=0x00000013 | DMEM[0]=0x00000000 | DMEM[4]=0xxxxxxxxx | stall=0
   47 | ^ | PC=0x00010050 | INSTR=0x00000013 | DMEM[0]=0x00000000 | DMEM[4]=0xxxxxxxxx | stall=0
   47 | v | PC=0x00010850 | INSTR=0x00000013 | DMEM[0]=0x00000000 | DMEM[4]=0xxxxxxxxx | stall=0
   48 | ^ | PC=0x00010850 | INSTR=0x00000013 | DMEM[0]=0x00000000 | DMEM[4]=0xxxxxxxxx | stall=0
   48 | v | PC=0x00011050 | INSTR=0x00000013 | DMEM[0]=0x00000000 | DMEM[4]=0xxxxxxxxx | stall=0
   49 | ^ | PC=0x00011050 | INSTR=0x00000013 | DMEM[0]=0x00000000 | DMEM[4]=0xxxxxxxxx | stall=0
   49 | v | PC=0x00011850 | INSTR=0x00000013 | DMEM[0]=0x00000000 | DMEM[4]=0xxxxxxxxx | stall=0
   50 | ^ | PC=0x00011850 | INSTR=0x00000013 | DMEM[0]=0x00000000 | DMEM[4]=0xxxxxxxxx | stall=0
   50 | v | PC=0x00012050 | INSTR=0x00000013 | DMEM[0]=0x00000000 | DMEM[4]=0xxxxxxxxx | stall=0
   51 | ^ | PC=0x00012050 | INSTR=0x00000013 | DMEM[0]=0x00000000 | DMEM[4]=0xxxxxxxxx | stall=0
   51 | v | PC=0x00012850 | INSTR=0x00000013 | DMEM[0]=0x00000000 | DMEM[4]=0xxxxxxxxx | stall=0
   52 | ^ | PC=0x00012850 | INSTR=0x00000013 | DMEM[0]=0x00000000 | DMEM[4]=0xxxxxxxxx | stall=0
   52 | v | PC=0x00013050 | INSTR=0x00000013 | DMEM[0]=0x00000000 | DMEM[4]=0xxxxxxxxx | stall=0
   53 | ^ | PC=0x00013050 | INSTR=0x00000013 | DMEM[0]=0x00000000 | DMEM[4]=0xxxxxxxxx | stall=0
   53 | v | PC=0x00013850 | INSTR=0x00000013 | DMEM[0]=0x00000000 | DMEM[4]=0xxxxxxxxx | stall=0
   54 | ^ | PC=0x00013850 | INSTR=0x00000013 | DMEM[0]=0x00000000 | DMEM[4]=0xxxxxxxxx | stall=0
   54 | v | PC=0x00014050 | INSTR=0x00000013 | DMEM[0]=0x00000000 | DMEM[4]=0xxxxxxxxx | stall=0
   55 | ^ | PC=0x00014050 | INSTR=0x00000013 | DMEM[0]=0x00000000 | DMEM[4]=0xxxxxxxxx | stall=0
   55 | v | PC=0x00014850 | INSTR=0x00000013 | DMEM[0]=0x00000000 | DMEM[4]=0xxxxxxxxx | stall=0
   56 | ^ | PC=0x00014850 | INSTR=0x00000013 | DMEM[0]=0x00000000 | DMEM[4]=0xxxxxxxxx | stall=0
   56 | v | PC=0x00015050 | INSTR=0x00000013 | DMEM[0]=0x00000000 | DMEM[4]=0xxxxxxxxx | stall=0
   57 | ^ | PC=0x00015050 | INSTR=0x00000013 | DMEM[0]=0x00000000 | DMEM[4]=0xxxxxxxxx | stall=0
   57 | v | PC=0x00015850 | INSTR=0x00000013 | DMEM[0]=0x00000000 | DMEM[4]=0xxxxxxxxx | stall=0
   58 | ^ | PC=0x00015850 | INSTR=0x00000013 | DMEM[0]=0x00000000 | DMEM[4]=0xxxxxxxxx | stall=0
   58 | v | PC=0x00016050 | INSTR=0x00000013 | DMEM[0]=0x00000000 | DMEM[4]=0xxxxxxxxx | stall=0
   59 | ^ | PC=0x00016050 | INSTR=0x00000013 | DMEM[0]=0x00000000 | DMEM[4]=0xxxxxxxxx | stall=0
   59 | v | PC=0x00016850 | INSTR=0x00000013 | DMEM[0]=0x00000000 | DMEM[4]=0xxxxxxxxx | stall=0
   60 | ^ | PC=0x00016850 | INSTR=0x00000013 | DMEM[0]=0x00000000 | DMEM[4]=0xxxxxxxxx | stall=0
   60 | v | PC=0x00017050 | INSTR=0x00000013 | DMEM[0]=0x00000000 | DMEM[4]=0xxxxxxxxx | stall=0
   61 | ^ | PC=0x00017050 | INSTR=0x00000013 | DMEM[0]=0x00000000 | DMEM[4]=0xxxxxxxxx | stall=0
   61 | v | PC=0x00017850 | INSTR=0x00000013 | DMEM[0]=0x00000000 | DMEM[4]=0xxxxxxxxx | stall=0
   62 | ^ | PC=0x00017850 | INSTR=0x00000013 | DMEM[0]=0x00000000 | DMEM[4]=0xxxxxxxxx | stall=0
   62 | v | PC=0x00018050 | INSTR=0x00000013 | DMEM[0]=0x00000000 | DMEM[4]=0xxxxxxxxx | stall=0
   63 | ^ | PC=0x00018050 | INSTR=0x00000013 | DMEM[0]=0x00000000 | DMEM[4]=0xxxxxxxxx | stall=0
   63 | v | PC=0x00018850 | INSTR=0x00000013 | DMEM[0]=0x00000000 | DMEM[4]=0xxxxxxxxx | stall=0
   64 | ^ | PC=0x00018850 | INSTR=0x00000013 | DMEM[0]=0x00000000 | DMEM[4]=0xxxxxxxxx | stall=0
   64 | v | PC=0x00019050 | INSTR=0x00000013 | DMEM[0]=0x00000000 | DMEM[4]=0xxxxxxxxx | stall=0
   65 | ^ | PC=0x00019050 | INSTR=0x00000013 | DMEM[0]=0x00000000 | DMEM[4]=0xxxxxxxxx | stall=0
   65 | v | PC=0x00019850 | INSTR=0x00000013 | DMEM[0]=0x00000000 | DMEM[4]=0xxxxxxxxx | stall=0
   66 | ^ | PC=0x00019850 | INSTR=0x00000013 | DMEM[0]=0x00000000 | DMEM[4]=0xxxxxxxxx | stall=0
   66 | v | PC=0x0001a050 | INSTR=0x00000013 | DMEM[0]=0x00000000 | DMEM[4]=0xxxxxxxxx | stall=0
   67 | ^ | PC=0x0001a050 | INSTR=0x00000013 | DMEM[0]=0x00000000 | DMEM[4]=0xxxxxxxxx | stall=0
   67 | v | PC=0x0001a850 | INSTR=0x00000013 | DMEM[0]=0x00000000 | DMEM[4]=0xxxxxxxxx | stall=0
   68 | ^ | PC=0x0001a850 | INSTR=0x00000013 | DMEM[0]=0x00000000 | DMEM[4]=0xxxxxxxxx | stall=0
   68 | v | PC=0x0001b050 | INSTR=0x00000013 | DMEM[0]=0x00000000 | DMEM[4]=0xxxxxxxxx | stall=0
   69 | ^ | PC=0x0001b050 | INSTR=0x00000013 | DMEM[0]=0x00000000 | DMEM[4]=0xxxxxxxxx | stall=0
   69 | v | PC=0x0001b850 | INSTR=0x00000013 | DMEM[0]=0x00000000 | DMEM[4]=0xxxxxxxxx | stall=0
   70 | ^ | PC=0x0001b850 | INSTR=0x00000013 | DMEM[0]=0x00000000 | DMEM[4]=0xxxxxxxxx | stall=0
   70 | v | PC=0x0001c050 | INSTR=0x00000013 | DMEM[0]=0x00000000 | DMEM[4]=0xxxxxxxxx | stall=0
   71 | ^ | PC=0x0001c050 | INSTR=0x00000013 | DMEM[0]=0x00000000 | DMEM[4]=0xxxxxxxxx | stall=0
   71 | v | PC=0x0001c850 | INSTR=0x00000013 | DMEM[0]=0x00000000 | DMEM[4]=0xxxxxxxxx | stall=0
   72 | ^ | PC=0x0001c850 | INSTR=0x00000013 | DMEM[0]=0x00000000 | DMEM[4]=0xxxxxxxxx | stall=0
   72 | v | PC=0x0001d050 | INSTR=0x00000013 | DMEM[0]=0x00000000 | DMEM[4]=0xxxxxxxxx | stall=0
   73 | ^ | PC=0x0001d050 | INSTR=0x00000013 | DMEM[0]=0x00000000 | DMEM[4]=0xxxxxxxxx | stall=0
   73 | v | PC=0x0001d850 | INSTR=0x00000013 | DMEM[0]=0x00000000 | DMEM[4]=0xxxxxxxxx | stall=0
   74 | ^ | PC=0x0001d850 | INSTR=0x00000013 | DMEM[0]=0x00000000 | DMEM[4]=0xxxxxxxxx | stall=0
   74 | v | PC=0x0001e050 | INSTR=0x00000013 | DMEM[0]=0x00000000 | DMEM[4]=0xxxxxxxxx | stall=0
   75 | ^ | PC=0x0001e050 | INSTR=0x00000013 | DMEM[0]=0x00000000 | DMEM[4]=0xxxxxxxxx | stall=0
   75 | v | PC=0x0001e850 | INSTR=0x00000013 | DMEM[0]=0x00000000 | DMEM[4]=0xxxxxxxxx | stall=0
   76 | ^ | PC=0x0001e850 | INSTR=0x00000013 | DMEM[0]=0x00000000 | DMEM[4]=0xxxxxxxxx | stall=0
   76 | v | PC=0x0001f050 | INSTR=0x00000013 | DMEM[0]=0x00000000 | DMEM[4]=0xxxxxxxxx | stall=0
   77 | ^ | PC=0x0001f050 | INSTR=0x00000013 | DMEM[0]=0x00000000 | DMEM[4]=0xxxxxxxxx | stall=0
   77 | v | PC=0x0001f850 | INSTR=0x00000013 | DMEM[0]=0x00000000 | DMEM[4]=0xxxxxxxxx | stall=0
   78 | ^ | PC=0x0001f850 | INSTR=0x00000013 | DMEM[0]=0x00000000 | DMEM[4]=0xxxxxxxxx | stall=0
   78 | v | PC=0x00020050 | INSTR=0x00000013 | DMEM[0]=0x00000000 | DMEM[4]=0xxxxxxxxx | stall=0
   79 | ^ | PC=0x00020050 | INSTR=0x00000013 | DMEM[0]=0x00000000 | DMEM[4]=0xxxxxxxxx | stall=0
   79 | v | PC=0x00020850 | INSTR=0x00000013 | DMEM[0]=0x00000000 | DMEM[4]=0xxxxxxxxx | stall=0
   80 | ^ | PC=0x00020850 | INSTR=0x00000013 | DMEM[0]=0x00000000 | DMEM[4]=0xxxxxxxxx | stall=0
   80 | v | PC=0x00021050 | INSTR=0x00000013 | DMEM[0]=0x00000000 | DMEM[4]=0xxxxxxxxx | stall=0
   81 | ^ | PC=0x00021050 | INSTR=0x00000013 | DMEM[0]=0x00000000 | DMEM[4]=0xxxxxxxxx | stall=0
   81 | v | PC=0x00021850 | INSTR=0x00000013 | DMEM[0]=0x00000000 | DMEM[4]=0xxxxxxxxx | stall=0
   82 | ^ | PC=0x00021850 | INSTR=0x00000013 | DMEM[0]=0x00000000 | DMEM[4]=0xxxxxxxxx | stall=0
   82 | v | PC=0x00022050 | INSTR=0x00000013 | DMEM[0]=0x00000000 | DMEM[4]=0xxxxxxxxx | stall=0
   83 | ^ | PC=0x00022050 | INSTR=0x00000013 | DMEM[0]=0x00000000 | DMEM[4]=0xxxxxxxxx | stall=0
   83 | v | PC=0x00022850 | INSTR=0x00000013 | DMEM[0]=0x00000000 | DMEM[4]=0xxxxxxxxx | stall=0
   84 | ^ | PC=0x00022850 | INSTR=0x00000013 | DMEM[0]=0x00000000 | DMEM[4]=0xxxxxxxxx | stall=0
   84 | v | PC=0x00023050 | INSTR=0x00000013 | DMEM[0]=0x00000000 | DMEM[4]=0xxxxxxxxx | stall=0
   85 | ^ | PC=0x00023050 | INSTR=0x00000013 | DMEM[0]=0x00000000 | DMEM[4]=0xxxxxxxxx | stall=0
   85 | v | PC=0x00023850 | INSTR=0x00000013 | DMEM[0]=0x00000000 | DMEM[4]=0xxxxxxxxx | stall=0
   86 | ^ | PC=0x00023850 | INSTR=0x00000013 | DMEM[0]=0x00000000 | DMEM[4]=0xxxxxxxxx | stall=0
   86 | v | PC=0x00024050 | INSTR=0x00000013 | DMEM[0]=0x00000000 | DMEM[4]=0xxxxxxxxx | stall=0
   87 | ^ | PC=0x00024050 | INSTR=0x00000013 | DMEM[0]=0x00000000 | DMEM[4]=0xxxxxxxxx | stall=0
   87 | v | PC=0x00024850 | INSTR=0x00000013 | DMEM[0]=0x00000000 | DMEM[4]=0xxxxxxxxx | stall=0
   88 | ^ | PC=0x00024850 | INSTR=0x00000013 | DMEM[0]=0x00000000 | DMEM[4]=0xxxxxxxxx | stall=0
   88 | v | PC=0x00025050 | INSTR=0x00000013 | DMEM[0]=0x00000000 | DMEM[4]=0xxxxxxxxx | stall=0
   89 | ^ | PC=0x00025050 | INSTR=0x00000013 | DMEM[0]=0x00000000 | DMEM[4]=0xxxxxxxxx | stall=0
   89 | v | PC=0x00025850 | INSTR=0x00000013 | DMEM[0]=0x00000000 | DMEM[4]=0xxxxxxxxx | stall=0
   90 | ^ | PC=0x00025850 | INSTR=0x00000013 | DMEM[0]=0x00000000 | DMEM[4]=0xxxxxxxxx | stall=0
   90 | v | PC=0x00026050 | INSTR=0x00000013 | DMEM[0]=0x00000000 | DMEM[4]=0xxxxxxxxx | stall=0
   91 | ^ | PC=0x00026050 | INSTR=0x00000013 | DMEM[0]=0x00000000 | DMEM[4]=0xxxxxxxxx | stall=0
   91 | v | PC=0x00026850 | INSTR=0x00000013 | DMEM[0]=0x00000000 | DMEM[4]=0xxxxxxxxx | stall=0
   92 | ^ | PC=0x00026850 | INSTR=0x00000013 | DMEM[0]=0x00000000 | DMEM[4]=0xxxxxxxxx | stall=0
   92 | v | PC=0x00027050 | INSTR=0x00000013 | DMEM[0]=0x00000000 | DMEM[4]=0xxxxxxxxx | stall=0
   93 | ^ | PC=0x00027050 | INSTR=0x00000013 | DMEM[0]=0x00000000 | DMEM[4]=0xxxxxxxxx | stall=0
   93 | v | PC=0x00027850 | INSTR=0x00000013 | DMEM[0]=0x00000000 | DMEM[4]=0xxxxxxxxx | stall=0
   94 | ^ | PC=0x00027850 | INSTR=0x00000013 | DMEM[0]=0x00000000 | DMEM[4]=0xxxxxxxxx | stall=0
   94 | v | PC=0x00028050 | INSTR=0x00000013 | DMEM[0]=0x00000000 | DMEM[4]=0xxxxxxxxx | stall=0
   95 | ^ | PC=0x00028050 | INSTR=0x00000013 | DMEM[0]=0x00000000 | DMEM[4]=0xxxxxxxxx | stall=0
   95 | v | PC=0x00028850 | INSTR=0x00000013 | DMEM[0]=0x00000000 | DMEM[4]=0xxxxxxxxx | stall=0
   96 | ^ | PC=0x00028850 | INSTR=0x00000013 | DMEM[0]=0x00000000 | DMEM[4]=0xxxxxxxxx | stall=0
   96 | v | PC=0x00029050 | INSTR=0x00000013 | DMEM[0]=0x00000000 | DMEM[4]=0xxxxxxxxx | stall=0
   97 | ^ | PC=0x00029050 | INSTR=0x00000013 | DMEM[0]=0x00000000 | DMEM[4]=0xxxxxxxxx | stall=0
   97 | v | PC=0x00029850 | INSTR=0x00000013 | DMEM[0]=0x00000000 | DMEM[4]=0xxxxxxxxx | stall=0
   98 | ^ | PC=0x00029850 | INSTR=0x00000013 | DMEM[0]=0x00000000 | DMEM[4]=0xxxxxxxxx | stall=0
   98 | v | PC=0x0002a050 | INSTR=0x00000013 | DMEM[0]=0x00000000 | DMEM[4]=0xxxxxxxxx | stall=0
   99 | ^ | PC=0x0002a050 | INSTR=0x00000013 | DMEM[0]=0x00000000 | DMEM[4]=0xxxxxxxxx | stall=0
   99 | v | PC=0x0002a850 | INSTR=0x00000013 | DMEM[0]=0x00000000 | DMEM[4]=0xxxxxxxxx | stall=0
  100 | ^ | PC=0x0002a850 | INSTR=0x00000013 | DMEM[0]=0x00000000 | DMEM[4]=0xxxxxxxxx | stall=0
  100 | v | PC=0x0002b050 | INSTR=0x00000013 | DMEM[0]=0x00000000 | DMEM[4]=0xxxxxxxxx | stall=0
  101 | ^ | PC=0x0002b050 | INSTR=0x00000013 | DMEM[0]=0x00000000 | DMEM[4]=0xxxxxxxxx | stall=0
  101 | v | PC=0x0002b850 | INSTR=0x00000013 | DMEM[0]=0x00000000 | DMEM[4]=0xxxxxxxxx | stall=0
  102 | ^ | PC=0x0002b850 | INSTR=0x00000013 | DMEM[0]=0x00000000 | DMEM[4]=0xxxxxxxxx | stall=0
  102 | v | PC=0x0002c050 | INSTR=0x00000013 | DMEM[0]=0x00000000 | DMEM[4]=0xxxxxxxxx | stall=0
  103 | ^ | PC=0x0002c050 | INSTR=0x00000013 | DMEM[0]=0x00000000 | DMEM[4]=0xxxxxxxxx | stall=0
  103 | v | PC=0x0002c850 | INSTR=0x00000013 | DMEM[0]=0x00000000 | DMEM[4]=0xxxxxxxxx | stall=0
  104 | ^ | PC=0x0002c850 | INSTR=0x00000013 | DMEM[0]=0x00000000 | DMEM[4]=0xxxxxxxxx | stall=0
  104 | v | PC=0x0002d050 | INSTR=0x00000013 | DMEM[0]=0x00000000 | DMEM[4]=0xxxxxxxxx | stall=0
  105 | ^ | PC=0x0002d050 | INSTR=0x00000013 | DMEM[0]=0x00000000 | DMEM[4]=0xxxxxxxxx | stall=0
  105 | v | PC=0x0002d850 | INSTR=0x00000013 | DMEM[0]=0x00000000 | DMEM[4]=0xxxxxxxxx | stall=0
  106 | ^ | PC=0x0002d850 | INSTR=0x00000013 | DMEM[0]=0x00000000 | DMEM[4]=0xxxxxxxxx | stall=0
  106 | v | PC=0x0002e050 | INSTR=0x00000013 | DMEM[0]=0x00000000 | DMEM[4]=0xxxxxxxxx | stall=0
  107 | ^ | PC=0x0002e050 | INSTR=0x00000013 | DMEM[0]=0x00000000 | DMEM[4]=0xxxxxxxxx | stall=0
  107 | v | PC=0x0002e850 | INSTR=0x00000013 | DMEM[0]=0x00000000 | DMEM[4]=0xxxxxxxxx | stall=0
  108 | ^ | PC=0x0002e850 | INSTR=0x00000013 | DMEM[0]=0x00000000 | DMEM[4]=0xxxxxxxxx | stall=0
  108 | v | PC=0x0002f050 | INSTR=0x00000013 | DMEM[0]=0x00000000 | DMEM[4]=0xxxxxxxxx | stall=0
  109 | ^ | PC=0x0002f050 | INSTR=0x00000013 | DMEM[0]=0x00000000 | DMEM[4]=0xxxxxxxxx | stall=0
  109 | v | PC=0x0002f850 | INSTR=0x00000013 | DMEM[0]=0x00000000 | DMEM[4]=0xxxxxxxxx | stall=0
  110 | ^ | PC=0x0002f850 | INSTR=0x00000013 | DMEM[0]=0x00000000 | DMEM[4]=0xxxxxxxxx | stall=0
  110 | v | PC=0x00030050 | INSTR=0x00000013 | DMEM[0]=0x00000000 | DMEM[4]=0xxxxxxxxx | stall=0
  111 | ^ | PC=0x00030050 | INSTR=0x00000013 | DMEM[0]=0x00000000 | DMEM[4]=0xxxxxxxxx | stall=0
  111 | v | PC=0x00030850 | INSTR=0x00000013 | DMEM[0]=0x00000000 | DMEM[4]=0xxxxxxxxx | stall=0
  112 | ^ | PC=0x00030850 | INSTR=0x00000013 | DMEM[0]=0x00000000 | DMEM[4]=0xxxxxxxxx | stall=0
  112 | v | PC=0x00031050 | INSTR=0x00000013 | DMEM[0]=0x00000000 | DMEM[4]=0xxxxxxxxx | stall=0
  113 | ^ | PC=0x00031050 | INSTR=0x00000013 | DMEM[0]=0x00000000 | DMEM[4]=0xxxxxxxxx | stall=0
  113 | v | PC=0x00031850 | INSTR=0x00000013 | DMEM[0]=0x00000000 | DMEM[4]=0xxxxxxxxx | stall=0
  114 | ^ | PC=0x00031850 | INSTR=0x00000013 | DMEM[0]=0x00000000 | DMEM[4]=0xxxxxxxxx | stall=0
  114 | v | PC=0x00032050 | INSTR=0x00000013 | DMEM[0]=0x00000000 | DMEM[4]=0xxxxxxxxx | stall=0
  115 | ^ | PC=0x00032050 | INSTR=0x00000013 | DMEM[0]=0x00000000 | DMEM[4]=0xxxxxxxxx | stall=0
  115 | v | PC=0x00032850 | INSTR=0x00000013 | DMEM[0]=0x00000000 | DMEM[4]=0xxxxxxxxx | stall=0
  116 | ^ | PC=0x00032850 | INSTR=0x00000013 | DMEM[0]=0x00000000 | DMEM[4]=0xxxxxxxxx | stall=0
  116 | v | PC=0x00033050 | INSTR=0x00000013 | DMEM[0]=0x00000000 | DMEM[4]=0xxxxxxxxx | stall=0
  117 | ^ | PC=0x00033050 | INSTR=0x00000013 | DMEM[0]=0x00000000 | DMEM[4]=0xxxxxxxxx | stall=0
  117 | v | PC=0x00033850 | INSTR=0x00000013 | DMEM[0]=0x00000000 | DMEM[4]=0xxxxxxxxx | stall=0
  118 | ^ | PC=0x00033850 | INSTR=0x00000013 | DMEM[0]=0x00000000 | DMEM[4]=0xxxxxxxxx | stall=0
  118 | v | PC=0x00034050 | INSTR=0x00000013 | DMEM[0]=0x00000000 | DMEM[4]=0xxxxxxxxx | stall=0
  119 | ^ | PC=0x00034050 | INSTR=0x00000013 | DMEM[0]=0x00000000 | DMEM[4]=0xxxxxxxxx | stall=0
  119 | v | PC=0x00034850 | INSTR=0x00000013 | DMEM[0]=0x00000000 | DMEM[4]=0xxxxxxxxx | stall=0
  120 | ^ | PC=0x00034850 | INSTR=0x00000013 | DMEM[0]=0x00000000 | DMEM[4]=0xxxxxxxxx | stall=0
  120 | v | PC=0x00035050 | INSTR=0x00000013 | DMEM[0]=0x00000000 | DMEM[4]=0xxxxxxxxx | stall=0
  121 | ^ | PC=0x00035050 | INSTR=0x00000013 | DMEM[0]=0x00000000 | DMEM[4]=0xxxxxxxxx | stall=0
  121 | v | PC=0x00035850 | INSTR=0x00000013 | DMEM[0]=0x00000000 | DMEM[4]=0xxxxxxxxx | stall=0
  122 | ^ | PC=0x00035850 | INSTR=0x00000013 | DMEM[0]=0x00000000 | DMEM[4]=0xxxxxxxxx | stall=0
  122 | v | PC=0x00036050 | INSTR=0x00000013 | DMEM[0]=0x00000000 | DMEM[4]=0xxxxxxxxx | stall=0
  123 | ^ | PC=0x00036050 | INSTR=0x00000013 | DMEM[0]=0x00000000 | DMEM[4]=0xxxxxxxxx | stall=0
  123 | v | PC=0x00036850 | INSTR=0x00000013 | DMEM[0]=0x00000000 | DMEM[4]=0xxxxxxxxx | stall=0
  124 | ^ | PC=0x00036850 | INSTR=0x00000013 | DMEM[0]=0x00000000 | DMEM[4]=0xxxxxxxxx | stall=0
  124 | v | PC=0x00037050 | INSTR=0x00000013 | DMEM[0]=0x00000000 | DMEM[4]=0xxxxxxxxx | stall=0
  125 | ^ | PC=0x00037050 | INSTR=0x00000013 | DMEM[0]=0x00000000 | DMEM[4]=0xxxxxxxxx | stall=0
  125 | v | PC=0x00037850 | INSTR=0x00000013 | DMEM[0]=0x00000000 | DMEM[4]=0xxxxxxxxx | stall=0
  126 | ^ | PC=0x00037850 | INSTR=0x00000013 | DMEM[0]=0x00000000 | DMEM[4]=0xxxxxxxxx | stall=0
  126 | v | PC=0x00038050 | INSTR=0x00000013 | DMEM[0]=0x00000000 | DMEM[4]=0xxxxxxxxx | stall=0
  127 | ^ | PC=0x00038050 | INSTR=0x00000013 | DMEM[0]=0x00000000 | DMEM[4]=0xxxxxxxxx | stall=0
  127 | v | PC=0x00038850 | INSTR=0x00000013 | DMEM[0]=0x00000000 | DMEM[4]=0xxxxxxxxx | stall=0
  128 | ^ | PC=0x00038850 | INSTR=0x00000013 | DMEM[0]=0x00000000 | DMEM[4]=0xxxxxxxxx | stall=0
  128 | v | PC=0x00039050 | INSTR=0x00000013 | DMEM[0]=0x00000000 | DMEM[4]=0xxxxxxxxx | stall=0
  129 | ^ | PC=0x00039050 | INSTR=0x00000013 | DMEM[0]=0x00000000 | DMEM[4]=0xxxxxxxxx | stall=0
  129 | v | PC=0x00039850 | INSTR=0x00000013 | DMEM[0]=0x00000000 | DMEM[4]=0xxxxxxxxx | stall=0
  130 | ^ | PC=0x00039850 | INSTR=0x00000013 | DMEM[0]=0x00000000 | DMEM[4]=0xxxxxxxxx | stall=0
  130 | v | PC=0x0003a050 | INSTR=0x00000013 | DMEM[0]=0x00000000 | DMEM[4]=0xxxxxxxxx | stall=0
  131 | ^ | PC=0x0003a050 | INSTR=0x00000013 | DMEM[0]=0x00000000 | DMEM[4]=0xxxxxxxxx | stall=0
  131 | v | PC=0x0003a850 | INSTR=0x00000013 | DMEM[0]=0x00000000 | DMEM[4]=0xxxxxxxxx | stall=0
  132 | ^ | PC=0x0003a850 | INSTR=0x00000013 | DMEM[0]=0x00000000 | DMEM[4]=0xxxxxxxxx | stall=0
  132 | v | PC=0x0003b050 | INSTR=0x00000013 | DMEM[0]=0x00000000 | DMEM[4]=0xxxxxxxxx | stall=0
  133 | ^ | PC=0x0003b050 | INSTR=0x00000013 | DMEM[0]=0x00000000 | DMEM[4]=0xxxxxxxxx | stall=0
  133 | v | PC=0x0003b850 | INSTR=0x00000013 | DMEM[0]=0x00000000 | DMEM[4]=0xxxxxxxxx | stall=0
  134 | ^ | PC=0x0003b850 | INSTR=0x00000013 | DMEM[0]=0x00000000 | DMEM[4]=0xxxxxxxxx | stall=0
  134 | v | PC=0x0003c050 | INSTR=0x00000013 | DMEM[0]=0x00000000 | DMEM[4]=0xxxxxxxxx | stall=0
  135 | ^ | PC=0x0003c050 | INSTR=0x00000013 | DMEM[0]=0x00000000 | DMEM[4]=0xxxxxxxxx | stall=0
  135 | v | PC=0x0003c850 | INSTR=0x00000013 | DMEM[0]=0x00000000 | DMEM[4]=0xxxxxxxxx | stall=0
  136 | ^ | PC=0x0003c850 | INSTR=0x00000013 | DMEM[0]=0x00000000 | DMEM[4]=0xxxxxxxxx | stall=0
  136 | v | PC=0x0003d050 | INSTR=0x00000013 | DMEM[0]=0x00000000 | DMEM[4]=0xxxxxxxxx | stall=0
  137 | ^ | PC=0x0003d050 | INSTR=0x00000013 | DMEM[0]=0x00000000 | DMEM[4]=0xxxxxxxxx | stall=0
  137 | v | PC=0x0003d850 | INSTR=0x00000013 | DMEM[0]=0x00000000 | DMEM[4]=0xxxxxxxxx | stall=0
  138 | ^ | PC=0x0003d850 | INSTR=0x00000013 | DMEM[0]=0x00000000 | DMEM[4]=0xxxxxxxxx | stall=0
  138 | v | PC=0x0003e050 | INSTR=0x00000013 | DMEM[0]=0x00000000 | DMEM[4]=0xxxxxxxxx | stall=0
  139 | ^ | PC=0x0003e050 | INSTR=0x00000013 | DMEM[0]=0x00000000 | DMEM[4]=0xxxxxxxxx | stall=0
  139 | v | PC=0x0003e850 | INSTR=0x00000013 | DMEM[0]=0x00000000 | DMEM[4]=0xxxxxxxxx | stall=0
  140 | ^ | PC=0x0003e850 | INSTR=0x00000013 | DMEM[0]=0x00000000 | DMEM[4]=0xxxxxxxxx | stall=0
  140 | v | PC=0x0003f050 | INSTR=0x00000013 | DMEM[0]=0x00000000 | DMEM[4]=0xxxxxxxxx | stall=0
  141 | ^ | PC=0x0003f050 | INSTR=0x00000013 | DMEM[0]=0x00000000 | DMEM[4]=0xxxxxxxxx | stall=0
  141 | v | PC=0x0003f850 | INSTR=0x00000013 | DMEM[0]=0x00000000 | DMEM[4]=0xxxxxxxxx | stall=0
  142 | ^ | PC=0x0003f850 | INSTR=0x00000013 | DMEM[0]=0x00000000 | DMEM[4]=0xxxxxxxxx | stall=0
  142 | v | PC=0x00040050 | INSTR=0x00000013 | DMEM[0]=0x00000000 | DMEM[4]=0xxxxxxxxx | stall=0
  143 | ^ | PC=0x00040050 | INSTR=0x00000013 | DMEM[0]=0x00000000 | DMEM[4]=0xxxxxxxxx | stall=0
  143 | v | PC=0x00040850 | INSTR=0x00000013 | DMEM[0]=0x00000000 | DMEM[4]=0xxxxxxxxx | stall=0
  144 | ^ | PC=0x00040850 | INSTR=0x00000013 | DMEM[0]=0x00000000 | DMEM[4]=0xxxxxxxxx | stall=0
  144 | v | PC=0x00041050 | INSTR=0x00000013 | DMEM[0]=0x00000000 | DMEM[4]=0xxxxxxxxx | stall=0
  145 | ^ | PC=0x00041050 | INSTR=0x00000013 | DMEM[0]=0x00000000 | DMEM[4]=0xxxxxxxxx | stall=0
  145 | v | PC=0x00041850 | INSTR=0x00000013 | DMEM[0]=0x00000000 | DMEM[4]=0xxxxxxxxx | stall=0
  146 | ^ | PC=0x00041850 | INSTR=0x00000013 | DMEM[0]=0x00000000 | DMEM[4]=0xxxxxxxxx | stall=0
  146 | v | PC=0x00042050 | INSTR=0x00000013 | DMEM[0]=0x00000000 | DMEM[4]=0xxxxxxxxx | stall=0
  147 | ^ | PC=0x00042050 | INSTR=0x00000013 | DMEM[0]=0x00000000 | DMEM[4]=0xxxxxxxxx | stall=0
  147 | v | PC=0x00042850 | INSTR=0x00000013 | DMEM[0]=0x00000000 | DMEM[4]=0xxxxxxxxx | stall=0
  148 | ^ | PC=0x00042850 | INSTR=0x00000013 | DMEM[0]=0x00000000 | DMEM[4]=0xxxxxxxxx | stall=0
  148 | v | PC=0x00043050 | INSTR=0x00000013 | DMEM[0]=0x00000000 | DMEM[4]=0xxxxxxxxx | stall=0
  149 | ^ | PC=0x00043050 | INSTR=0x00000013 | DMEM[0]=0x00000000 | DMEM[4]=0xxxxxxxxx | stall=0
  149 | v | PC=0x00043850 | INSTR=0x00000013 | DMEM[0]=0x00000000 | DMEM[4]=0xxxxxxxxx | stall=0
  150 | ^ | PC=0x00043850 | INSTR=0x00000013 | DMEM[0]=0x00000000 | DMEM[4]=0xxxxxxxxx | stall=0
  150 | v | PC=0x00044050 | INSTR=0x00000013 | DMEM[0]=0x00000000 | DMEM[4]=0xxxxxxxxx | stall=0
  151 | ^ | PC=0x00044050 | INSTR=0x00000013 | DMEM[0]=0x00000000 | DMEM[4]=0xxxxxxxxx | stall=0
  151 | v | PC=0x00044850 | INSTR=0x00000013 | DMEM[0]=0x00000000 | DMEM[4]=0xxxxxxxxx | stall=0
  152 | ^ | PC=0x00044850 | INSTR=0x00000013 | DMEM[0]=0x00000000 | DMEM[4]=0xxxxxxxxx | stall=0
  152 | v | PC=0x00045050 | INSTR=0x00000013 | DMEM[0]=0x00000000 | DMEM[4]=0xxxxxxxxx | stall=0
  153 | ^ | PC=0x00045050 | INSTR=0x00000013 | DMEM[0]=0x00000000 | DMEM[4]=0xxxxxxxxx | stall=0
  153 | v | PC=0x00045850 | INSTR=0x00000013 | DMEM[0]=0x00000000 | DMEM[4]=0xxxxxxxxx | stall=0
  154 | ^ | PC=0x00045850 | INSTR=0x00000013 | DMEM[0]=0x00000000 | DMEM[4]=0xxxxxxxxx | stall=0
  154 | v | PC=0x00046050 | INSTR=0x00000013 | DMEM[0]=0x00000000 | DMEM[4]=0xxxxxxxxx | stall=0
  155 | ^ | PC=0x00046050 | INSTR=0x00000013 | DMEM[0]=0x00000000 | DMEM[4]=0xxxxxxxxx | stall=0
  155 | v | PC=0x00046850 | INSTR=0x00000013 | DMEM[0]=0x00000000 | DMEM[4]=0xxxxxxxxx | stall=0
  156 | ^ | PC=0x00046850 | INSTR=0x00000013 | DMEM[0]=0x00000000 | DMEM[4]=0xxxxxxxxx | stall=0
  156 | v | PC=0x00047050 | INSTR=0x00000013 | DMEM[0]=0x00000000 | DMEM[4]=0xxxxxxxxx | stall=0
  157 | ^ | PC=0x00047050 | INSTR=0x00000013 | DMEM[0]=0x00000000 | DMEM[4]=0xxxxxxxxx | stall=0
  157 | v | PC=0x00047850 | INSTR=0x00000013 | DMEM[0]=0x00000000 | DMEM[4]=0xxxxxxxxx | stall=0
  158 | ^ | PC=0x00047850 | INSTR=0x00000013 | DMEM[0]=0x00000000 | DMEM[4]=0xxxxxxxxx | stall=0
  158 | v | PC=0x00048050 | INSTR=0x00000013 | DMEM[0]=0x00000000 | DMEM[4]=0xxxxxxxxx | stall=0
  159 | ^ | PC=0x00048050 | INSTR=0x00000013 | DMEM[0]=0x00000000 | DMEM[4]=0xxxxxxxxx | stall=0
  159 | v | PC=0x00048850 | INSTR=0x00000013 | DMEM[0]=0x00000000 | DMEM[4]=0xxxxxxxxx | stall=0
  160 | ^ | PC=0x00048850 | INSTR=0x00000013 | DMEM[0]=0x00000000 | DMEM[4]=0xxxxxxxxx | stall=0
  160 | v | PC=0x00049050 | INSTR=0x00000013 | DMEM[0]=0x00000000 | DMEM[4]=0xxxxxxxxx | stall=0
  161 | ^ | PC=0x00049050 | INSTR=0x00000013 | DMEM[0]=0x00000000 | DMEM[4]=0xxxxxxxxx | stall=0
  161 | v | PC=0x00049850 | INSTR=0x00000013 | DMEM[0]=0x00000000 | DMEM[4]=0xxxxxxxxx | stall=0
  162 | ^ | PC=0x00049850 | INSTR=0x00000013 | DMEM[0]=0x00000000 | DMEM[4]=0xxxxxxxxx | stall=0
  162 | v | PC=0x0004a050 | INSTR=0x00000013 | DMEM[0]=0x00000000 | DMEM[4]=0xxxxxxxxx | stall=0
  163 | ^ | PC=0x0004a050 | INSTR=0x00000013 | DMEM[0]=0x00000000 | DMEM[4]=0xxxxxxxxx | stall=0
  163 | v | PC=0x0004a850 | INSTR=0x00000013 | DMEM[0]=0x00000000 | DMEM[4]=0xxxxxxxxx | stall=0
  164 | ^ | PC=0x0004a850 | INSTR=0x00000013 | DMEM[0]=0x00000000 | DMEM[4]=0xxxxxxxxx | stall=0
  164 | v | PC=0x0004b050 | INSTR=0x00000013 | DMEM[0]=0x00000000 | DMEM[4]=0xxxxxxxxx | stall=0
  165 | ^ | PC=0x0004b050 | INSTR=0x00000013 | DMEM[0]=0x00000000 | DMEM[4]=0xxxxxxxxx | stall=0
  165 | v | PC=0x0004b850 | INSTR=0x00000013 | DMEM[0]=0x00000000 | DMEM[4]=0xxxxxxxxx | stall=0
  166 | ^ | PC=0x0004b850 | INSTR=0x00000013 | DMEM[0]=0x00000000 | DMEM[4]=0xxxxxxxxx | stall=0
  166 | v | PC=0x0004c050 | INSTR=0x00000013 | DMEM[0]=0x00000000 | DMEM[4]=0xxxxxxxxx | stall=0
  167 | ^ | PC=0x0004c050 | INSTR=0x00000013 | DMEM[0]=0x00000000 | DMEM[4]=0xxxxxxxxx | stall=0
  167 | v | PC=0x0004c850 | INSTR=0x00000013 | DMEM[0]=0x00000000 | DMEM[4]=0xxxxxxxxx | stall=0
  168 | ^ | PC=0x0004c850 | INSTR=0x00000013 | DMEM[0]=0x00000000 | DMEM[4]=0xxxxxxxxx | stall=0
  168 | v | PC=0x0004d050 | INSTR=0x00000013 | DMEM[0]=0x00000000 | DMEM[4]=0xxxxxxxxx | stall=0
  169 | ^ | PC=0x0004d050 | INSTR=0x00000013 | DMEM[0]=0x00000000 | DMEM[4]=0xxxxxxxxx | stall=0
  169 | v | PC=0x0004d850 | INSTR=0x00000013 | DMEM[0]=0x00000000 | DMEM[4]=0xxxxxxxxx | stall=0
  170 | ^ | PC=0x0004d850 | INSTR=0x00000013 | DMEM[0]=0x00000000 | DMEM[4]=0xxxxxxxxx | stall=0
  170 | v | PC=0x0004e050 | INSTR=0x00000013 | DMEM[0]=0x00000000 | DMEM[4]=0xxxxxxxxx | stall=0
  171 | ^ | PC=0x0004e050 | INSTR=0x00000013 | DMEM[0]=0x00000000 | DMEM[4]=0xxxxxxxxx | stall=0
  171 | v | PC=0x0004e850 | INSTR=0x00000013 | DMEM[0]=0x00000000 | DMEM[4]=0xxxxxxxxx | stall=0
  172 | ^ | PC=0x0004e850 | INSTR=0x00000013 | DMEM[0]=0x00000000 | DMEM[4]=0xxxxxxxxx | stall=0
  172 | v | PC=0x0004f050 | INSTR=0x00000013 | DMEM[0]=0x00000000 | DMEM[4]=0xxxxxxxxx | stall=0
  173 | ^ | PC=0x0004f050 | INSTR=0x00000013 | DMEM[0]=0x00000000 | DMEM[4]=0xxxxxxxxx | stall=0
  173 | v | PC=0x0004f850 | INSTR=0x00000013 | DMEM[0]=0x00000000 | DMEM[4]=0xxxxxxxxx | stall=0
  174 | ^ | PC=0x0004f850 | INSTR=0x00000013 | DMEM[0]=0x00000000 | DMEM[4]=0xxxxxxxxx | stall=0
  174 | v | PC=0x00050050 | INSTR=0x00000013 | DMEM[0]=0x00000000 | DMEM[4]=0xxxxxxxxx | stall=0
  175 | ^ | PC=0x00050050 | INSTR=0x00000013 | DMEM[0]=0x00000000 | DMEM[4]=0xxxxxxxxx | stall=0
  175 | v | PC=0x00050850 | INSTR=0x00000013 | DMEM[0]=0x00000000 | DMEM[4]=0xxxxxxxxx | stall=0
  176 | ^ | PC=0x00050850 | INSTR=0x00000013 | DMEM[0]=0x00000000 | DMEM[4]=0xxxxxxxxx | stall=0
  176 | v | PC=0x00051050 | INSTR=0x00000013 | DMEM[0]=0x00000000 | DMEM[4]=0xxxxxxxxx | stall=0
  177 | ^ | PC=0x00051050 | INSTR=0x00000013 | DMEM[0]=0x00000000 | DMEM[4]=0xxxxxxxxx | stall=0
  177 | v | PC=0x00051850 | INSTR=0x00000013 | DMEM[0]=0x00000000 | DMEM[4]=0xxxxxxxxx | stall=0
  178 | ^ | PC=0x00051850 | INSTR=0x00000013 | DMEM[0]=0x00000000 | DMEM[4]=0xxxxxxxxx | stall=0
  178 | v | PC=0x00052050 | INSTR=0x00000013 | DMEM[0]=0x00000000 | DMEM[4]=0xxxxxxxxx | stall=0
  179 | ^ | PC=0x00052050 | INSTR=0x00000013 | DMEM[0]=0x00000000 | DMEM[4]=0xxxxxxxxx | stall=0
  179 | v | PC=0x00052850 | INSTR=0x00000013 | DMEM[0]=0x00000000 | DMEM[4]=0xxxxxxxxx | stall=0
  180 | ^ | PC=0x00052850 | INSTR=0x00000013 | DMEM[0]=0x00000000 | DMEM[4]=0xxxxxxxxx | stall=0
  180 | v | PC=0x00053050 | INSTR=0x00000013 | DMEM[0]=0x00000000 | DMEM[4]=0xxxxxxxxx | stall=0
  181 | ^ | PC=0x00053050 | INSTR=0x00000013 | DMEM[0]=0x00000000 | DMEM[4]=0xxxxxxxxx | stall=0
  181 | v | PC=0x00053850 | INSTR=0x00000013 | DMEM[0]=0x00000000 | DMEM[4]=0xxxxxxxxx | stall=0
  182 | ^ | PC=0x00053850 | INSTR=0x00000013 | DMEM[0]=0x00000000 | DMEM[4]=0xxxxxxxxx | stall=0
  182 | v | PC=0x00054050 | INSTR=0x00000013 | DMEM[0]=0x00000000 | DMEM[4]=0xxxxxxxxx | stall=0
  183 | ^ | PC=0x00054050 | INSTR=0x00000013 | DMEM[0]=0x00000000 | DMEM[4]=0xxxxxxxxx | stall=0
  183 | v | PC=0x00054850 | INSTR=0x00000013 | DMEM[0]=0x00000000 | DMEM[4]=0xxxxxxxxx | stall=0
  184 | ^ | PC=0x00054850 | INSTR=0x00000013 | DMEM[0]=0x00000000 | DMEM[4]=0xxxxxxxxx | stall=0
  184 | v | PC=0x00055050 | INSTR=0x00000013 | DMEM[0]=0x00000000 | DMEM[4]=0xxxxxxxxx | stall=0
  185 | ^ | PC=0x00055050 | INSTR=0x00000013 | DMEM[0]=0x00000000 | DMEM[4]=0xxxxxxxxx | stall=0
  185 | v | PC=0x00055850 | INSTR=0x00000013 | DMEM[0]=0x00000000 | DMEM[4]=0xxxxxxxxx | stall=0
  186 | ^ | PC=0x00055850 | INSTR=0x00000013 | DMEM[0]=0x00000000 | DMEM[4]=0xxxxxxxxx | stall=0
  186 | v | PC=0x00056050 | INSTR=0x00000013 | DMEM[0]=0x00000000 | DMEM[4]=0xxxxxxxxx | stall=0
  187 | ^ | PC=0x00056050 | INSTR=0x00000013 | DMEM[0]=0x00000000 | DMEM[4]=0xxxxxxxxx | stall=0
  187 | v | PC=0x00056850 | INSTR=0x00000013 | DMEM[0]=0x00000000 | DMEM[4]=0xxxxxxxxx | stall=0
  188 | ^ | PC=0x00056850 | INSTR=0x00000013 | DMEM[0]=0x00000000 | DMEM[4]=0xxxxxxxxx | stall=0
  188 | v | PC=0x00057050 | INSTR=0x00000013 | DMEM[0]=0x00000000 | DMEM[4]=0xxxxxxxxx | stall=0
  189 | ^ | PC=0x00057050 | INSTR=0x00000013 | DMEM[0]=0x00000000 | DMEM[4]=0xxxxxxxxx | stall=0
  189 | v | PC=0x00057850 | INSTR=0x00000013 | DMEM[0]=0x00000000 | DMEM[4]=0xxxxxxxxx | stall=0
  190 | ^ | PC=0x00057850 | INSTR=0x00000013 | DMEM[0]=0x00000000 | DMEM[4]=0xxxxxxxxx | stall=0
  190 | v | PC=0x00058050 | INSTR=0x00000013 | DMEM[0]=0x00000000 | DMEM[4]=0xxxxxxxxx | stall=0
  191 | ^ | PC=0x00058050 | INSTR=0x00000013 | DMEM[0]=0x00000000 | DMEM[4]=0xxxxxxxxx | stall=0
  191 | v | PC=0x00058850 | INSTR=0x00000013 | DMEM[0]=0x00000000 | DMEM[4]=0xxxxxxxxx | stall=0
  192 | ^ | PC=0x00058850 | INSTR=0x00000013 | DMEM[0]=0x00000000 | DMEM[4]=0xxxxxxxxx | stall=0
  192 | v | PC=0x00059050 | INSTR=0x00000013 | DMEM[0]=0x00000000 | DMEM[4]=0xxxxxxxxx | stall=0
  193 | ^ | PC=0x00059050 | INSTR=0x00000013 | DMEM[0]=0x00000000 | DMEM[4]=0xxxxxxxxx | stall=0
  193 | v | PC=0x00059850 | INSTR=0x00000013 | DMEM[0]=0x00000000 | DMEM[4]=0xxxxxxxxx | stall=0
  194 | ^ | PC=0x00059850 | INSTR=0x00000013 | DMEM[0]=0x00000000 | DMEM[4]=0xxxxxxxxx | stall=0
  194 | v | PC=0x0005a050 | INSTR=0x00000013 | DMEM[0]=0x00000000 | DMEM[4]=0xxxxxxxxx | stall=0
  195 | ^ | PC=0x0005a050 | INSTR=0x00000013 | DMEM[0]=0x00000000 | DMEM[4]=0xxxxxxxxx | stall=0
  195 | v | PC=0x0005a850 | INSTR=0x00000013 | DMEM[0]=0x00000000 | DMEM[4]=0xxxxxxxxx | stall=0
  196 | ^ | PC=0x0005a850 | INSTR=0x00000013 | DMEM[0]=0x00000000 | DMEM[4]=0xxxxxxxxx | stall=0
  196 | v | PC=0x0005b050 | INSTR=0x00000013 | DMEM[0]=0x00000000 | DMEM[4]=0xxxxxxxxx | stall=0
  197 | ^ | PC=0x0005b050 | INSTR=0x00000013 | DMEM[0]=0x00000000 | DMEM[4]=0xxxxxxxxx | stall=0
  197 | v | PC=0x0005b850 | INSTR=0x00000013 | DMEM[0]=0x00000000 | DMEM[4]=0xxxxxxxxx | stall=0
  198 | ^ | PC=0x0005b850 | INSTR=0x00000013 | DMEM[0]=0x00000000 | DMEM[4]=0xxxxxxxxx | stall=0
  198 | v | PC=0x0005c050 | INSTR=0x00000013 | DMEM[0]=0x00000000 | DMEM[4]=0xxxxxxxxx | stall=0
  199 | ^ | PC=0x0005c050 | INSTR=0x00000013 | DMEM[0]=0x00000000 | DMEM[4]=0xxxxxxxxx | stall=0
  199 | v | PC=0x0005c850 | INSTR=0x00000013 | DMEM[0]=0x00000000 | DMEM[4]=0xxxxxxxxx | stall=0
  200 | ^ | PC=0x0005c850 | INSTR=0x00000013 | DMEM[0]=0x00000000 | DMEM[4]=0xxxxxxxxx | stall=0
  200 | v | PC=0x0005d050 | INSTR=0x00000013 | DMEM[0]=0x00000000 | DMEM[4]=0xxxxxxxxx | stall=0
  201 | ^ | PC=0x0005d050 | INSTR=0x00000013 | DMEM[0]=0x00000000 | DMEM[4]=0xxxxxxxxx | stall=0
  201 | v | PC=0x0005d850 | INSTR=0x00000013 | DMEM[0]=0x00000000 | DMEM[4]=0xxxxxxxxx | stall=0
  202 | ^ | PC=0x0005d850 | INSTR=0x00000013 | DMEM[0]=0x00000000 | DMEM[4]=0xxxxxxxxx | stall=0
  202 | v | PC=0x0005e050 | INSTR=0x00000013 | DMEM[0]=0x00000000 | DMEM[4]=0xxxxxxxxx | stall=0
  203 | ^ | PC=0x0005e050 | INSTR=0x00000013 | DMEM[0]=0x00000000 | DMEM[4]=0xxxxxxxxx | stall=0
  203 | v | PC=0x0005e850 | INSTR=0x00000013 | DMEM[0]=0x00000000 | DMEM[4]=0xxxxxxxxx | stall=0
  204 | ^ | PC=0x0005e850 | INSTR=0x00000013 | DMEM[0]=0x00000000 | DMEM[4]=0xxxxxxxxx | stall=0
  204 | v | PC=0x0005f050 | INSTR=0x00000013 | DMEM[0]=0x00000000 | DMEM[4]=0xxxxxxxxx | stall=0
  205 | ^ | PC=0x0005f050 | INSTR=0x00000013 | DMEM[0]=0x00000000 | DMEM[4]=0xxxxxxxxx | stall=0
  205 | v | PC=0x0005f850 | INSTR=0x00000013 | DMEM[0]=0x00000000 | DMEM[4]=0xxxxxxxxx | stall=0
  206 | ^ | PC=0x0005f850 | INSTR=0x00000013 | DMEM[0]=0x00000000 | DMEM[4]=0xxxxxxxxx | stall=0
  206 | v | PC=0x00060050 | INSTR=0x00000013 | DMEM[0]=0x00000000 | DMEM[4]=0xxxxxxxxx | stall=0
  207 | ^ | PC=0x00060050 | INSTR=0x00000013 | DMEM[0]=0x00000000 | DMEM[4]=0xxxxxxxxx | stall=0
  207 | v | PC=0x00060850 | INSTR=0x00000013 | DMEM[0]=0x00000000 | DMEM[4]=0xxxxxxxxx | stall=0
  208 | ^ | PC=0x00060850 | INSTR=0x00000013 | DMEM[0]=0x00000000 | DMEM[4]=0xxxxxxxxx | stall=0
  208 | v | PC=0x00061050 | INSTR=0x00000013 | DMEM[0]=0x00000000 | DMEM[4]=0xxxxxxxxx | stall=0
  209 | ^ | PC=0x00061050 | INSTR=0x00000013 | DMEM[0]=0x00000000 | DMEM[4]=0xxxxxxxxx | stall=0
  209 | v | PC=0x00061850 | INSTR=0x00000013 | DMEM[0]=0x00000000 | DMEM[4]=0xxxxxxxxx | stall=0
  210 | ^ | PC=0x00061850 | INSTR=0x00000013 | DMEM[0]=0x00000000 | DMEM[4]=0xxxxxxxxx | stall=0
  210 | v | PC=0x00062050 | INSTR=0x00000013 | DMEM[0]=0x00000000 | DMEM[4]=0xxxxxxxxx | stall=0
  211 | ^ | PC=0x00062050 | INSTR=0x00000013 | DMEM[0]=0x00000000 | DMEM[4]=0xxxxxxxxx | stall=0
  211 | v | PC=0x00062850 | INSTR=0x00000013 | DMEM[0]=0x00000000 | DMEM[4]=0xxxxxxxxx | stall=0
  212 | ^ | PC=0x00062850 | INSTR=0x00000013 | DMEM[0]=0x00000000 | DMEM[4]=0xxxxxxxxx | stall=0
  212 | v | PC=0x00063050 | INSTR=0x00000013 | DMEM[0]=0x00000000 | DMEM[4]=0xxxxxxxxx | stall=0
  213 | ^ | PC=0x00063050 | INSTR=0x00000013 | DMEM[0]=0x00000000 | DMEM[4]=0xxxxxxxxx | stall=0
  213 | v | PC=0x00063850 | INSTR=0x00000013 | DMEM[0]=0x00000000 | DMEM[4]=0xxxxxxxxx | stall=0
  214 | ^ | PC=0x00063850 | INSTR=0x00000013 | DMEM[0]=0x00000000 | DMEM[4]=0xxxxxxxxx | stall=0
  214 | v | PC=0x00064050 | INSTR=0x00000013 | DMEM[0]=0x00000000 | DMEM[4]=0xxxxxxxxx | stall=0
  215 | ^ | PC=0x00064050 | INSTR=0x00000013 | DMEM[0]=0x00000000 | DMEM[4]=0xxxxxxxxx | stall=0
  215 | v | PC=0x00064850 | INSTR=0x00000013 | DMEM[0]=0x00000000 | DMEM[4]=0xxxxxxxxx | stall=0
  216 | ^ | PC=0x00064850 | INSTR=0x00000013 | DMEM[0]=0x00000000 | DMEM[4]=0xxxxxxxxx | stall=0
  216 | v | PC=0x00065050 | INSTR=0x00000013 | DMEM[0]=0x00000000 | DMEM[4]=0xxxxxxxxx | stall=0
  217 | ^ | PC=0x00065050 | INSTR=0x00000013 | DMEM[0]=0x00000000 | DMEM[4]=0xxxxxxxxx | stall=0
  217 | v | PC=0x00065850 | INSTR=0x00000013 | DMEM[0]=0x00000000 | DMEM[4]=0xxxxxxxxx | stall=0
  218 | ^ | PC=0x00065850 | INSTR=0x00000013 | DMEM[0]=0x00000000 | DMEM[4]=0xxxxxxxxx | stall=0
  218 | v | PC=0x00066050 | INSTR=0x00000013 | DMEM[0]=0x00000000 | DMEM[4]=0xxxxxxxxx | stall=0
  219 | ^ | PC=0x00066050 | INSTR=0x00000013 | DMEM[0]=0x00000000 | DMEM[4]=0xxxxxxxxx | stall=0
  219 | v | PC=0x00066850 | INSTR=0x00000013 | DMEM[0]=0x00000000 | DMEM[4]=0xxxxxxxxx | stall=0
  220 | ^ | PC=0x00066850 | INSTR=0x00000013 | DMEM[0]=0x00000000 | DMEM[4]=0xxxxxxxxx | stall=0
  220 | v | PC=0x00067050 | INSTR=0x00000013 | DMEM[0]=0x00000000 | DMEM[4]=0xxxxxxxxx | stall=0
  221 | ^ | PC=0x00067050 | INSTR=0x00000013 | DMEM[0]=0x00000000 | DMEM[4]=0xxxxxxxxx | stall=0
  221 | v | PC=0x00067850 | INSTR=0x00000013 | DMEM[0]=0x00000000 | DMEM[4]=0xxxxxxxxx | stall=0
  222 | ^ | PC=0x00067850 | INSTR=0x00000013 | DMEM[0]=0x00000000 | DMEM[4]=0xxxxxxxxx | stall=0
  222 | v | PC=0x00068050 | INSTR=0x00000013 | DMEM[0]=0x00000000 | DMEM[4]=0xxxxxxxxx | stall=0
  223 | ^ | PC=0x00068050 | INSTR=0x00000013 | DMEM[0]=0x00000000 | DMEM[4]=0xxxxxxxxx | stall=0
  223 | v | PC=0x00068850 | INSTR=0x00000013 | DMEM[0]=0x00000000 | DMEM[4]=0xxxxxxxxx | stall=0
  224 | ^ | PC=0x00068850 | INSTR=0x00000013 | DMEM[0]=0x00000000 | DMEM[4]=0xxxxxxxxx | stall=0
  224 | v | PC=0x00069050 | INSTR=0x00000013 | DMEM[0]=0x00000000 | DMEM[4]=0xxxxxxxxx | stall=0
  225 | ^ | PC=0x00069050 | INSTR=0x00000013 | DMEM[0]=0x00000000 | DMEM[4]=0xxxxxxxxx | stall=0
  225 | v | PC=0x00069850 | INSTR=0x00000013 | DMEM[0]=0x00000000 | DMEM[4]=0xxxxxxxxx | stall=0
  226 | ^ | PC=0x00069850 | INSTR=0x00000013 | DMEM[0]=0x00000000 | DMEM[4]=0xxxxxxxxx | stall=0
  226 | v | PC=0x0006a050 | INSTR=0x00000013 | DMEM[0]=0x00000000 | DMEM[4]=0xxxxxxxxx | stall=0
  227 | ^ | PC=0x0006a050 | INSTR=0x00000013 | DMEM[0]=0x00000000 | DMEM[4]=0xxxxxxxxx | stall=0
  227 | v | PC=0x0006a850 | INSTR=0x00000013 | DMEM[0]=0x00000000 | DMEM[4]=0xxxxxxxxx | stall=0
  228 | ^ | PC=0x0006a850 | INSTR=0x00000013 | DMEM[0]=0x00000000 | DMEM[4]=0xxxxxxxxx | stall=0
  228 | v | PC=0x0006b050 | INSTR=0x00000013 | DMEM[0]=0x00000000 | DMEM[4]=0xxxxxxxxx | stall=0
  229 | ^ | PC=0x0006b050 | INSTR=0x00000013 | DMEM[0]=0x00000000 | DMEM[4]=0xxxxxxxxx | stall=0
  229 | v | PC=0x0006b850 | INSTR=0x00000013 | DMEM[0]=0x00000000 | DMEM[4]=0xxxxxxxxx | stall=0
  230 | ^ | PC=0x0006b850 | INSTR=0x00000013 | DMEM[0]=0x00000000 | DMEM[4]=0xxxxxxxxx | stall=0
  230 | v | PC=0x0006c050 | INSTR=0x00000013 | DMEM[0]=0x00000000 | DMEM[4]=0xxxxxxxxx | stall=0
  231 | ^ | PC=0x0006c050 | INSTR=0x00000013 | DMEM[0]=0x00000000 | DMEM[4]=0xxxxxxxxx | stall=0
  231 | v | PC=0x0006c850 | INSTR=0x00000013 | DMEM[0]=0x00000000 | DMEM[4]=0xxxxxxxxx | stall=0
  232 | ^ | PC=0x0006c850 | INSTR=0x00000013 | DMEM[0]=0x00000000 | DMEM[4]=0xxxxxxxxx | stall=0
  232 | v | PC=0x0006d050 | INSTR=0x00000013 | DMEM[0]=0x00000000 | DMEM[4]=0xxxxxxxxx | stall=0
  233 | ^ | PC=0x0006d050 | INSTR=0x00000013 | DMEM[0]=0x00000000 | DMEM[4]=0xxxxxxxxx | stall=0
  233 | v | PC=0x0006d850 | INSTR=0x00000013 | DMEM[0]=0x00000000 | DMEM[4]=0xxxxxxxxx | stall=0
  234 | ^ | PC=0x0006d850 | INSTR=0x00000013 | DMEM[0]=0x00000000 | DMEM[4]=0xxxxxxxxx | stall=0
  234 | v | PC=0x0006e050 | INSTR=0x00000013 | DMEM[0]=0x00000000 | DMEM[4]=0xxxxxxxxx | stall=0
  235 | ^ | PC=0x0006e050 | INSTR=0x00000013 | DMEM[0]=0x00000000 | DMEM[4]=0xxxxxxxxx | stall=0
  235 | v | PC=0x0006e850 | INSTR=0x00000013 | DMEM[0]=0x00000000 | DMEM[4]=0xxxxxxxxx | stall=0
  236 | ^ | PC=0x0006e850 | INSTR=0x00000013 | DMEM[0]=0x00000000 | DMEM[4]=0xxxxxxxxx | stall=0
  236 | v | PC=0x0006f050 | INSTR=0x00000013 | DMEM[0]=0x00000000 | DMEM[4]=0xxxxxxxxx | stall=0
  237 | ^ | PC=0x0006f050 | INSTR=0x00000013 | DMEM[0]=0x00000000 | DMEM[4]=0xxxxxxxxx | stall=0
  237 | v | PC=0x0006f850 | INSTR=0x00000013 | DMEM[0]=0x00000000 | DMEM[4]=0xxxxxxxxx | stall=0
  238 | ^ | PC=0x0006f850 | INSTR=0x00000013 | DMEM[0]=0x00000000 | DMEM[4]=0xxxxxxxxx | stall=0
  238 | v | PC=0x00070050 | INSTR=0x00000013 | DMEM[0]=0x00000000 | DMEM[4]=0xxxxxxxxx | stall=0
  239 | ^ | PC=0x00070050 | INSTR=0x00000013 | DMEM[0]=0x00000000 | DMEM[4]=0xxxxxxxxx | stall=0
  239 | v | PC=0x00070850 | INSTR=0x00000013 | DMEM[0]=0x00000000 | DMEM[4]=0xxxxxxxxx | stall=0
  240 | ^ | PC=0x00070850 | INSTR=0x00000013 | DMEM[0]=0x00000000 | DMEM[4]=0xxxxxxxxx | stall=0
  240 | v | PC=0x00071050 | INSTR=0x00000013 | DMEM[0]=0x00000000 | DMEM[4]=0xxxxxxxxx | stall=0
  241 | ^ | PC=0x00071050 | INSTR=0x00000013 | DMEM[0]=0x00000000 | DMEM[4]=0xxxxxxxxx | stall=0
  241 | v | PC=0x00071850 | INSTR=0x00000013 | DMEM[0]=0x00000000 | DMEM[4]=0xxxxxxxxx | stall=0
  242 | ^ | PC=0x00071850 | INSTR=0x00000013 | DMEM[0]=0x00000000 | DMEM[4]=0xxxxxxxxx | stall=0
  242 | v | PC=0x00072050 | INSTR=0x00000013 | DMEM[0]=0x00000000 | DMEM[4]=0xxxxxxxxx | stall=0
  243 | ^ | PC=0x00072050 | INSTR=0x00000013 | DMEM[0]=0x00000000 | DMEM[4]=0xxxxxxxxx | stall=0
  243 | v | PC=0x00072850 | INSTR=0x00000013 | DMEM[0]=0x00000000 | DMEM[4]=0xxxxxxxxx | stall=0
  244 | ^ | PC=0x00072850 | INSTR=0x00000013 | DMEM[0]=0x00000000 | DMEM[4]=0xxxxxxxxx | stall=0
  244 | v | PC=0x00073050 | INSTR=0x00000013 | DMEM[0]=0x00000000 | DMEM[4]=0xxxxxxxxx | stall=0
  245 | ^ | PC=0x00073050 | INSTR=0x00000013 | DMEM[0]=0x00000000 | DMEM[4]=0xxxxxxxxx | stall=0
  245 | v | PC=0x00073850 | INSTR=0x00000013 | DMEM[0]=0x00000000 | DMEM[4]=0xxxxxxxxx | stall=0
  246 | ^ | PC=0x00073850 | INSTR=0x00000013 | DMEM[0]=0x00000000 | DMEM[4]=0xxxxxxxxx | stall=0
  246 | v | PC=0x00074050 | INSTR=0x00000013 | DMEM[0]=0x00000000 | DMEM[4]=0xxxxxxxxx | stall=0
  247 | ^ | PC=0x00074050 | INSTR=0x00000013 | DMEM[0]=0x00000000 | DMEM[4]=0xxxxxxxxx | stall=0
  247 | v | PC=0x00074850 | INSTR=0x00000013 | DMEM[0]=0x00000000 | DMEM[4]=0xxxxxxxxx | stall=0
  248 | ^ | PC=0x00074850 | INSTR=0x00000013 | DMEM[0]=0x00000000 | DMEM[4]=0xxxxxxxxx | stall=0
  248 | v | PC=0x00075050 | INSTR=0x00000013 | DMEM[0]=0x00000000 | DMEM[4]=0xxxxxxxxx | stall=0
  249 | ^ | PC=0x00075050 | INSTR=0x00000013 | DMEM[0]=0x00000000 | DMEM[4]=0xxxxxxxxx | stall=0
  249 | v | PC=0x00075850 | INSTR=0x00000013 | DMEM[0]=0x00000000 | DMEM[4]=0xxxxxxxxx | stall=0
  250 | ^ | PC=0x00075850 | INSTR=0x00000013 | DMEM[0]=0x00000000 | DMEM[4]=0xxxxxxxxx | stall=0
  250 | v | PC=0x00076050 | INSTR=0x00000013 | DMEM[0]=0x00000000 | DMEM[4]=0xxxxxxxxx | stall=0
  251 | ^ | PC=0x00076050 | INSTR=0x00000013 | DMEM[0]=0x00000000 | DMEM[4]=0xxxxxxxxx | stall=0
  251 | v | PC=0x00076850 | INSTR=0x00000013 | DMEM[0]=0x00000000 | DMEM[4]=0xxxxxxxxx | stall=0
  252 | ^ | PC=0x00076850 | INSTR=0x00000013 | DMEM[0]=0x00000000 | DMEM[4]=0xxxxxxxxx | stall=0
  252 | v | PC=0x00077050 | INSTR=0x00000013 | DMEM[0]=0x00000000 | DMEM[4]=0xxxxxxxxx | stall=0
  253 | ^ | PC=0x00077050 | INSTR=0x00000013 | DMEM[0]=0x00000000 | DMEM[4]=0xxxxxxxxx | stall=0
  253 | v | PC=0x00077850 | INSTR=0x00000013 | DMEM[0]=0x00000000 | DMEM[4]=0xxxxxxxxx | stall=0
  254 | ^ | PC=0x00077850 | INSTR=0x00000013 | DMEM[0]=0x00000000 | DMEM[4]=0xxxxxxxxx | stall=0
  254 | v | PC=0x00078050 | INSTR=0x00000013 | DMEM[0]=0x00000000 | DMEM[4]=0xxxxxxxxx | stall=0
  255 | ^ | PC=0x00078050 | INSTR=0x00000013 | DMEM[0]=0x00000000 | DMEM[4]=0xxxxxxxxx | stall=0
  255 | v | PC=0x00078850 | INSTR=0x00000013 | DMEM[0]=0x00000000 | DMEM[4]=0xxxxxxxxx | stall=0
  256 | ^ | PC=0x00078850 | INSTR=0x00000013 | DMEM[0]=0x00000000 | DMEM[4]=0xxxxxxxxx | stall=0
  256 | v | PC=0x00079050 | INSTR=0x00000013 | DMEM[0]=0x00000000 | DMEM[4]=0xxxxxxxxx | stall=0
  257 | ^ | PC=0x00079050 | INSTR=0x00000013 | DMEM[0]=0x00000000 | DMEM[4]=0xxxxxxxxx | stall=0
  257 | v | PC=0x00079850 | INSTR=0x00000013 | DMEM[0]=0x00000000 | DMEM[4]=0xxxxxxxxx | stall=0
  258 | ^ | PC=0x00079850 | INSTR=0x00000013 | DMEM[0]=0x00000000 | DMEM[4]=0xxxxxxxxx | stall=0
  258 | v | PC=0x0007a050 | INSTR=0x00000013 | DMEM[0]=0x00000000 | DMEM[4]=0xxxxxxxxx | stall=0
  259 | ^ | PC=0x0007a050 | INSTR=0x00000013 | DMEM[0]=0x00000000 | DMEM[4]=0xxxxxxxxx | stall=0
  259 | v | PC=0x0007a850 | INSTR=0x00000013 | DMEM[0]=0x00000000 | DMEM[4]=0xxxxxxxxx | stall=0
  260 | ^ | PC=0x0007a850 | INSTR=0x00000013 | DMEM[0]=0x00000000 | DMEM[4]=0xxxxxxxxx | stall=0
  260 | v | PC=0x0007b050 | INSTR=0x00000013 | DMEM[0]=0x00000000 | DMEM[4]=0xxxxxxxxx | stall=0
  261 | ^ | PC=0x0007b050 | INSTR=0x00000013 | DMEM[0]=0x00000000 | DMEM[4]=0xxxxxxxxx | stall=0
  261 | v | PC=0x0007b850 | INSTR=0x00000013 | DMEM[0]=0x00000000 | DMEM[4]=0xxxxxxxxx | stall=0
  262 | ^ | PC=0x0007b850 | INSTR=0x00000013 | DMEM[0]=0x00000000 | DMEM[4]=0xxxxxxxxx | stall=0
  262 | v | PC=0x0007c050 | INSTR=0x00000013 | DMEM[0]=0x00000000 | DMEM[4]=0xxxxxxxxx | stall=0
  263 | ^ | PC=0x0007c050 | INSTR=0x00000013 | DMEM[0]=0x00000000 | DMEM[4]=0xxxxxxxxx | stall=0
  263 | v | PC=0x0007c850 | INSTR=0x00000013 | DMEM[0]=0x00000000 | DMEM[4]=0xxxxxxxxx | stall=0
  264 | ^ | PC=0x0007c850 | INSTR=0x00000013 | DMEM[0]=0x00000000 | DMEM[4]=0xxxxxxxxx | stall=0
  264 | v | PC=0x0007d050 | INSTR=0x00000013 | DMEM[0]=0x00000000 | DMEM[4]=0xxxxxxxxx | stall=0
  265 | ^ | PC=0x0007d050 | INSTR=0x00000013 | DMEM[0]=0x00000000 | DMEM[4]=0xxxxxxxxx | stall=0
  265 | v | PC=0x0007d850 | INSTR=0x00000013 | DMEM[0]=0x00000000 | DMEM[4]=0xxxxxxxxx | stall=0
  266 | ^ | PC=0x0007d850 | INSTR=0x00000013 | DMEM[0]=0x00000000 | DMEM[4]=0xxxxxxxxx | stall=0
  266 | v | PC=0x0007e050 | INSTR=0x00000013 | DMEM[0]=0x00000000 | DMEM[4]=0xxxxxxxxx | stall=0
  267 | ^ | PC=0x0007e050 | INSTR=0x00000013 | DMEM[0]=0x00000000 | DMEM[4]=0xxxxxxxxx | stall=0
  267 | v | PC=0x0007e850 | INSTR=0x00000013 | DMEM[0]=0x00000000 | DMEM[4]=0xxxxxxxxx | stall=0
  268 | ^ | PC=0x0007e850 | INSTR=0x00000013 | DMEM[0]=0x00000000 | DMEM[4]=0xxxxxxxxx | stall=0
  268 | v | PC=0x0007f050 | INSTR=0x00000013 | DMEM[0]=0x00000000 | DMEM[4]=0xxxxxxxxx | stall=0
  269 | ^ | PC=0x0007f050 | INSTR=0x00000013 | DMEM[0]=0x00000000 | DMEM[4]=0xxxxxxxxx | stall=0
  269 | v | PC=0x0007f850 | INSTR=0x00000013 | DMEM[0]=0x00000000 | DMEM[4]=0xxxxxxxxx | stall=0
  270 | ^ | PC=0x0007f850 | INSTR=0x00000013 | DMEM[0]=0x00000000 | DMEM[4]=0xxxxxxxxx | stall=0
  270 | v | PC=0x00080050 | INSTR=0x00000013 | DMEM[0]=0x00000000 | DMEM[4]=0xxxxxxxxx | stall=0
  271 | ^ | PC=0x00080050 | INSTR=0x00000013 | DMEM[0]=0x00000000 | DMEM[4]=0xxxxxxxxx | stall=0
  271 | v | PC=0x00080850 | INSTR=0x00000013 | DMEM[0]=0x00000000 | DMEM[4]=0xxxxxxxxx | stall=0
  272 | ^ | PC=0x00080850 | INSTR=0x00000013 | DMEM[0]=0x00000000 | DMEM[4]=0xxxxxxxxx | stall=0
  272 | v | PC=0x00081050 | INSTR=0x00000013 | DMEM[0]=0x00000000 | DMEM[4]=0xxxxxxxxx | stall=0
  273 | ^ | PC=0x00081050 | INSTR=0x00000013 | DMEM[0]=0x00000000 | DMEM[4]=0xxxxxxxxx | stall=0
  273 | v | PC=0x00081850 | INSTR=0x00000013 | DMEM[0]=0x00000000 | DMEM[4]=0xxxxxxxxx | stall=0
  274 | ^ | PC=0x00081850 | INSTR=0x00000013 | DMEM[0]=0x00000000 | DMEM[4]=0xxxxxxxxx | stall=0
  274 | v | PC=0x00082050 | INSTR=0x00000013 | DMEM[0]=0x00000000 | DMEM[4]=0xxxxxxxxx | stall=0
  275 | ^ | PC=0x00082050 | INSTR=0x00000013 | DMEM[0]=0x00000000 | DMEM[4]=0xxxxxxxxx | stall=0
  275 | v | PC=0x00082850 | INSTR=0x00000013 | DMEM[0]=0x00000000 | DMEM[4]=0xxxxxxxxx | stall=0
  276 | ^ | PC=0x00082850 | INSTR=0x00000013 | DMEM[0]=0x00000000 | DMEM[4]=0xxxxxxxxx | stall=0
  276 | v | PC=0x00083050 | INSTR=0x00000013 | DMEM[0]=0x00000000 | DMEM[4]=0xxxxxxxxx | stall=0
  277 | ^ | PC=0x00083050 | INSTR=0x00000013 | DMEM[0]=0x00000000 | DMEM[4]=0xxxxxxxxx | stall=0
  277 | v | PC=0x00083850 | INSTR=0x00000013 | DMEM[0]=0x00000000 | DMEM[4]=0xxxxxxxxx | stall=0
  278 | ^ | PC=0x00083850 | INSTR=0x00000013 | DMEM[0]=0x00000000 | DMEM[4]=0xxxxxxxxx | stall=0
  278 | v | PC=0x00084050 | INSTR=0x00000013 | DMEM[0]=0x00000000 | DMEM[4]=0xxxxxxxxx | stall=0
  279 | ^ | PC=0x00084050 | INSTR=0x00000013 | DMEM[0]=0x00000000 | DMEM[4]=0xxxxxxxxx | stall=0
  279 | v | PC=0x00084850 | INSTR=0x00000013 | DMEM[0]=0x00000000 | DMEM[4]=0xxxxxxxxx | stall=0
  280 | ^ | PC=0x00084850 | INSTR=0x00000013 | DMEM[0]=0x00000000 | DMEM[4]=0xxxxxxxxx | stall=0
  280 | v | PC=0x00085050 | INSTR=0x00000013 | DMEM[0]=0x00000000 | DMEM[4]=0xxxxxxxxx | stall=0
  281 | ^ | PC=0x00085050 | INSTR=0x00000013 | DMEM[0]=0x00000000 | DMEM[4]=0xxxxxxxxx | stall=0
  281 | v | PC=0x00085850 | INSTR=0x00000013 | DMEM[0]=0x00000000 | DMEM[4]=0xxxxxxxxx | stall=0
  282 | ^ | PC=0x00085850 | INSTR=0x00000013 | DMEM[0]=0x00000000 | DMEM[4]=0xxxxxxxxx | stall=0
  282 | v | PC=0x00086050 | INSTR=0x00000013 | DMEM[0]=0x00000000 | DMEM[4]=0xxxxxxxxx | stall=0
  283 | ^ | PC=0x00086050 | INSTR=0x00000013 | DMEM[0]=0x00000000 | DMEM[4]=0xxxxxxxxx | stall=0
  283 | v | PC=0x00086850 | INSTR=0x00000013 | DMEM[0]=0x00000000 | DMEM[4]=0xxxxxxxxx | stall=0
  284 | ^ | PC=0x00086850 | INSTR=0x00000013 | DMEM[0]=0x00000000 | DMEM[4]=0xxxxxxxxx | stall=0
  284 | v | PC=0x00087050 | INSTR=0x00000013 | DMEM[0]=0x00000000 | DMEM[4]=0xxxxxxxxx | stall=0
  285 | ^ | PC=0x00087050 | INSTR=0x00000013 | DMEM[0]=0x00000000 | DMEM[4]=0xxxxxxxxx | stall=0
  285 | v | PC=0x00087850 | INSTR=0x00000013 | DMEM[0]=0x00000000 | DMEM[4]=0xxxxxxxxx | stall=0
  286 | ^ | PC=0x00087850 | INSTR=0x00000013 | DMEM[0]=0x00000000 | DMEM[4]=0xxxxxxxxx | stall=0
  286 | v | PC=0x00088050 | INSTR=0x00000013 | DMEM[0]=0x00000000 | DMEM[4]=0xxxxxxxxx | stall=0
  287 | ^ | PC=0x00088050 | INSTR=0x00000013 | DMEM[0]=0x00000000 | DMEM[4]=0xxxxxxxxx | stall=0
  287 | v | PC=0x00088850 | INSTR=0x00000013 | DMEM[0]=0x00000000 | DMEM[4]=0xxxxxxxxx | stall=0
  288 | ^ | PC=0x00088850 | INSTR=0x00000013 | DMEM[0]=0x00000000 | DMEM[4]=0xxxxxxxxx | stall=0
  288 | v | PC=0x00089050 | INSTR=0x00000013 | DMEM[0]=0x00000000 | DMEM[4]=0xxxxxxxxx | stall=0
  289 | ^ | PC=0x00089050 | INSTR=0x00000013 | DMEM[0]=0x00000000 | DMEM[4]=0xxxxxxxxx | stall=0
  289 | v | PC=0x00089850 | INSTR=0x00000013 | DMEM[0]=0x00000000 | DMEM[4]=0xxxxxxxxx | stall=0
  290 | ^ | PC=0x00089850 | INSTR=0x00000013 | DMEM[0]=0x00000000 | DMEM[4]=0xxxxxxxxx | stall=0
  290 | v | PC=0x0008a050 | INSTR=0x00000013 | DMEM[0]=0x00000000 | DMEM[4]=0xxxxxxxxx | stall=0
  291 | ^ | PC=0x0008a050 | INSTR=0x00000013 | DMEM[0]=0x00000000 | DMEM[4]=0xxxxxxxxx | stall=0
  291 | v | PC=0x0008a850 | INSTR=0x00000013 | DMEM[0]=0x00000000 | DMEM[4]=0xxxxxxxxx | stall=0
  292 | ^ | PC=0x0008a850 | INSTR=0x00000013 | DMEM[0]=0x00000000 | DMEM[4]=0xxxxxxxxx | stall=0
  292 | v | PC=0x0008b050 | INSTR=0x00000013 | DMEM[0]=0x00000000 | DMEM[4]=0xxxxxxxxx | stall=0
  293 | ^ | PC=0x0008b050 | INSTR=0x00000013 | DMEM[0]=0x00000000 | DMEM[4]=0xxxxxxxxx | stall=0
  293 | v | PC=0x0008b850 | INSTR=0x00000013 | DMEM[0]=0x00000000 | DMEM[4]=0xxxxxxxxx | stall=0
  294 | ^ | PC=0x0008b850 | INSTR=0x00000013 | DMEM[0]=0x00000000 | DMEM[4]=0xxxxxxxxx | stall=0
  294 | v | PC=0x0008c050 | INSTR=0x00000013 | DMEM[0]=0x00000000 | DMEM[4]=0xxxxxxxxx | stall=0
  295 | ^ | PC=0x0008c050 | INSTR=0x00000013 | DMEM[0]=0x00000000 | DMEM[4]=0xxxxxxxxx | stall=0
  295 | v | PC=0x0008c850 | INSTR=0x00000013 | DMEM[0]=0x00000000 | DMEM[4]=0xxxxxxxxx | stall=0
  296 | ^ | PC=0x0008c850 | INSTR=0x00000013 | DMEM[0]=0x00000000 | DMEM[4]=0xxxxxxxxx | stall=0
  296 | v | PC=0x0008d050 | INSTR=0x00000013 | DMEM[0]=0x00000000 | DMEM[4]=0xxxxxxxxx | stall=0
  297 | ^ | PC=0x0008d050 | INSTR=0x00000013 | DMEM[0]=0x00000000 | DMEM[4]=0xxxxxxxxx | stall=0
  297 | v | PC=0x0008d850 | INSTR=0x00000013 | DMEM[0]=0x00000000 | DMEM[4]=0xxxxxxxxx | stall=0
  298 | ^ | PC=0x0008d850 | INSTR=0x00000013 | DMEM[0]=0x00000000 | DMEM[4]=0xxxxxxxxx | stall=0
  298 | v | PC=0x0008e050 | INSTR=0x00000013 | DMEM[0]=0x00000000 | DMEM[4]=0xxxxxxxxx | stall=0
  299 | ^ | PC=0x0008e050 | INSTR=0x00000013 | DMEM[0]=0x00000000 | DMEM[4]=0xxxxxxxxx | stall=0
  299 | v | PC=0x0008e850 | INSTR=0x00000013 | DMEM[0]=0x00000000 | DMEM[4]=0xxxxxxxxx | stall=0
  300 | ^ | PC=0x0008e850 | INSTR=0x00000013 | DMEM[0]=0x00000000 | DMEM[4]=0xxxxxxxxx | stall=0
  300 | v | PC=0x0008f050 | INSTR=0x00000013 | DMEM[0]=0x00000000 | DMEM[4]=0xxxxxxxxx | stall=0
  301 | ^ | PC=0x0008f050 | INSTR=0x00000013 | DMEM[0]=0x00000000 | DMEM[4]=0xxxxxxxxx | stall=0
  301 | v | PC=0x0008f850 | INSTR=0x00000013 | DMEM[0]=0x00000000 | DMEM[4]=0xxxxxxxxx | stall=0
  302 | ^ | PC=0x0008f850 | INSTR=0x00000013 | DMEM[0]=0x00000000 | DMEM[4]=0xxxxxxxxx | stall=0
  302 | v | PC=0x00090050 | INSTR=0x00000013 | DMEM[0]=0x00000000 | DMEM[4]=0xxxxxxxxx | stall=0
  303 | ^ | PC=0x00090050 | INSTR=0x00000013 | DMEM[0]=0x00000000 | DMEM[4]=0xxxxxxxxx | stall=0
  303 | v | PC=0x00090850 | INSTR=0x00000013 | DMEM[0]=0x00000000 | DMEM[4]=0xxxxxxxxx | stall=0
  304 | ^ | PC=0x00090850 | INSTR=0x00000013 | DMEM[0]=0x00000000 | DMEM[4]=0xxxxxxxxx | stall=0
  304 | v | PC=0x00091050 | INSTR=0x00000013 | DMEM[0]=0x00000000 | DMEM[4]=0xxxxxxxxx | stall=0
  305 | ^ | PC=0x00091050 | INSTR=0x00000013 | DMEM[0]=0x00000000 | DMEM[4]=0xxxxxxxxx | stall=0
  305 | v | PC=0x00091850 | INSTR=0x00000013 | DMEM[0]=0x00000000 | DMEM[4]=0xxxxxxxxx | stall=0
  306 | ^ | PC=0x00091850 | INSTR=0x00000013 | DMEM[0]=0x00000000 | DMEM[4]=0xxxxxxxxx | stall=0
  306 | v | PC=0x00092050 | INSTR=0x00000013 | DMEM[0]=0x00000000 | DMEM[4]=0xxxxxxxxx | stall=0
  307 | ^ | PC=0x00092050 | INSTR=0x00000013 | DMEM[0]=0x00000000 | DMEM[4]=0xxxxxxxxx | stall=0
  307 | v | PC=0x00092850 | INSTR=0x00000013 | DMEM[0]=0x00000000 | DMEM[4]=0xxxxxxxxx | stall=0
  308 | ^ | PC=0x00092850 | INSTR=0x00000013 | DMEM[0]=0x00000000 | DMEM[4]=0xxxxxxxxx | stall=0
  308 | v | PC=0x00093050 | INSTR=0x00000013 | DMEM[0]=0x00000000 | DMEM[4]=0xxxxxxxxx | stall=0
  309 | ^ | PC=0x00093050 | INSTR=0x00000013 | DMEM[0]=0x00000000 | DMEM[4]=0xxxxxxxxx | stall=0
  309 | v | PC=0x00093850 | INSTR=0x00000013 | DMEM[0]=0x00000000 | DMEM[4]=0xxxxxxxxx | stall=0
  310 | ^ | PC=0x00093850 | INSTR=0x00000013 | DMEM[0]=0x00000000 | DMEM[4]=0xxxxxxxxx | stall=0
  310 | v | PC=0x00094050 | INSTR=0x00000013 | DMEM[0]=0x00000000 | DMEM[4]=0xxxxxxxxx | stall=0
  311 | ^ | PC=0x00094050 | INSTR=0x00000013 | DMEM[0]=0x00000000 | DMEM[4]=0xxxxxxxxx | stall=0
  311 | v | PC=0x00094850 | INSTR=0x00000013 | DMEM[0]=0x00000000 | DMEM[4]=0xxxxxxxxx | stall=0
  312 | ^ | PC=0x00094850 | INSTR=0x00000013 | DMEM[0]=0x00000000 | DMEM[4]=0xxxxxxxxx | stall=0
  312 | v | PC=0x00095050 | INSTR=0x00000013 | DMEM[0]=0x00000000 | DMEM[4]=0xxxxxxxxx | stall=0
  313 | ^ | PC=0x00095050 | INSTR=0x00000013 | DMEM[0]=0x00000000 | DMEM[4]=0xxxxxxxxx | stall=0
  313 | v | PC=0x00095850 | INSTR=0x00000013 | DMEM[0]=0x00000000 | DMEM[4]=0xxxxxxxxx | stall=0
  314 | ^ | PC=0x00095850 | INSTR=0x00000013 | DMEM[0]=0x00000000 | DMEM[4]=0xxxxxxxxx | stall=0
  314 | v | PC=0x00096050 | INSTR=0x00000013 | DMEM[0]=0x00000000 | DMEM[4]=0xxxxxxxxx | stall=0
  315 | ^ | PC=0x00096050 | INSTR=0x00000013 | DMEM[0]=0x00000000 | DMEM[4]=0xxxxxxxxx | stall=0
  315 | v | PC=0x00096850 | INSTR=0x00000013 | DMEM[0]=0x00000000 | DMEM[4]=0xxxxxxxxx | stall=0
  316 | ^ | PC=0x00096850 | INSTR=0x00000013 | DMEM[0]=0x00000000 | DMEM[4]=0xxxxxxxxx | stall=0
  316 | v | PC=0x00097050 | INSTR=0x00000013 | DMEM[0]=0x00000000 | DMEM[4]=0xxxxxxxxx | stall=0
  317 | ^ | PC=0x00097050 | INSTR=0x00000013 | DMEM[0]=0x00000000 | DMEM[4]=0xxxxxxxxx | stall=0
  317 | v | PC=0x00097850 | INSTR=0x00000013 | DMEM[0]=0x00000000 | DMEM[4]=0xxxxxxxxx | stall=0
  318 | ^ | PC=0x00097850 | INSTR=0x00000013 | DMEM[0]=0x00000000 | DMEM[4]=0xxxxxxxxx | stall=0
  318 | v | PC=0x00098050 | INSTR=0x00000013 | DMEM[0]=0x00000000 | DMEM[4]=0xxxxxxxxx | stall=0
  319 | ^ | PC=0x00098050 | INSTR=0x00000013 | DMEM[0]=0x00000000 | DMEM[4]=0xxxxxxxxx | stall=0
  319 | v | PC=0x00098850 | INSTR=0x00000013 | DMEM[0]=0x00000000 | DMEM[4]=0xxxxxxxxx | stall=0
  320 | ^ | PC=0x00098850 | INSTR=0x00000013 | DMEM[0]=0x00000000 | DMEM[4]=0xxxxxxxxx | stall=0
  320 | v | PC=0x00099050 | INSTR=0x00000013 | DMEM[0]=0x00000000 | DMEM[4]=0xxxxxxxxx | stall=0
  321 | ^ | PC=0x00099050 | INSTR=0x00000013 | DMEM[0]=0x00000000 | DMEM[4]=0xxxxxxxxx | stall=0
  321 | v | PC=0x00099850 | INSTR=0x00000013 | DMEM[0]=0x00000000 | DMEM[4]=0xxxxxxxxx | stall=0
  322 | ^ | PC=0x00099850 | INSTR=0x00000013 | DMEM[0]=0x00000000 | DMEM[4]=0xxxxxxxxx | stall=0
  322 | v | PC=0x0009a050 | INSTR=0x00000013 | DMEM[0]=0x00000000 | DMEM[4]=0xxxxxxxxx | stall=0
  323 | ^ | PC=0x0009a050 | INSTR=0x00000013 | DMEM[0]=0x00000000 | DMEM[4]=0xxxxxxxxx | stall=0
  323 | v | PC=0x0009a850 | INSTR=0x00000013 | DMEM[0]=0x00000000 | DMEM[4]=0xxxxxxxxx | stall=0
  324 | ^ | PC=0x0009a850 | INSTR=0x00000013 | DMEM[0]=0x00000000 | DMEM[4]=0xxxxxxxxx | stall=0
  324 | v | PC=0x0009b050 | INSTR=0x00000013 | DMEM[0]=0x00000000 | DMEM[4]=0xxxxxxxxx | stall=0
  325 | ^ | PC=0x0009b050 | INSTR=0x00000013 | DMEM[0]=0x00000000 | DMEM[4]=0xxxxxxxxx | stall=0
  325 | v | PC=0x0009b850 | INSTR=0x00000013 | DMEM[0]=0x00000000 | DMEM[4]=0xxxxxxxxx | stall=0
  326 | ^ | PC=0x0009b850 | INSTR=0x00000013 | DMEM[0]=0x00000000 | DMEM[4]=0xxxxxxxxx | stall=0
  326 | v | PC=0x0009c050 | INSTR=0x00000013 | DMEM[0]=0x00000000 | DMEM[4]=0xxxxxxxxx | stall=0
  327 | ^ | PC=0x0009c050 | INSTR=0x00000013 | DMEM[0]=0x00000000 | DMEM[4]=0xxxxxxxxx | stall=0
  327 | v | PC=0x0009c850 | INSTR=0x00000013 | DMEM[0]=0x00000000 | DMEM[4]=0xxxxxxxxx | stall=0
  328 | ^ | PC=0x0009c850 | INSTR=0x00000013 | DMEM[0]=0x00000000 | DMEM[4]=0xxxxxxxxx | stall=0
  328 | v | PC=0x0009d050 | INSTR=0x00000013 | DMEM[0]=0x00000000 | DMEM[4]=0xxxxxxxxx | stall=0
  329 | ^ | PC=0x0009d050 | INSTR=0x00000013 | DMEM[0]=0x00000000 | DMEM[4]=0xxxxxxxxx | stall=0
  329 | v | PC=0x0009d850 | INSTR=0x00000013 | DMEM[0]=0x00000000 | DMEM[4]=0xxxxxxxxx | stall=0
  330 | ^ | PC=0x0009d850 | INSTR=0x00000013 | DMEM[0]=0x00000000 | DMEM[4]=0xxxxxxxxx | stall=0
  330 | v | PC=0x0009e050 | INSTR=0x00000013 | DMEM[0]=0x00000000 | DMEM[4]=0xxxxxxxxx | stall=0
  331 | ^ | PC=0x0009e050 | INSTR=0x00000013 | DMEM[0]=0x00000000 | DMEM[4]=0xxxxxxxxx | stall=0
  331 | v | PC=0x0009e850 | INSTR=0x00000013 | DMEM[0]=0x00000000 | DMEM[4]=0xxxxxxxxx | stall=0
  332 | ^ | PC=0x0009e850 | INSTR=0x00000013 | DMEM[0]=0x00000000 | DMEM[4]=0xxxxxxxxx | stall=0
  332 | v | PC=0x0009f050 | INSTR=0x00000013 | DMEM[0]=0x00000000 | DMEM[4]=0xxxxxxxxx | stall=0
  333 | ^ | PC=0x0009f050 | INSTR=0x00000013 | DMEM[0]=0x00000000 | DMEM[4]=0xxxxxxxxx | stall=0
  333 | v | PC=0x0009f850 | INSTR=0x00000013 | DMEM[0]=0x00000000 | DMEM[4]=0xxxxxxxxx | stall=0
  334 | ^ | PC=0x0009f850 | INSTR=0x00000013 | DMEM[0]=0x00000000 | DMEM[4]=0xxxxxxxxx | stall=0
  334 | v | PC=0x000a0050 | INSTR=0x00000013 | DMEM[0]=0x00000000 | DMEM[4]=0xxxxxxxxx | stall=0
  335 | ^ | PC=0x000a0050 | INSTR=0x00000013 | DMEM[0]=0x00000000 | DMEM[4]=0xxxxxxxxx | stall=0
  335 | v | PC=0x000a0850 | INSTR=0x00000013 | DMEM[0]=0x00000000 | DMEM[4]=0xxxxxxxxx | stall=0
  336 | ^ | PC=0x000a0850 | INSTR=0x00000013 | DMEM[0]=0x00000000 | DMEM[4]=0xxxxxxxxx | stall=0
  336 | v | PC=0x000a1050 | INSTR=0x00000013 | DMEM[0]=0x00000000 | DMEM[4]=0xxxxxxxxx | stall=0
  337 | ^ | PC=0x000a1050 | INSTR=0x00000013 | DMEM[0]=0x00000000 | DMEM[4]=0xxxxxxxxx | stall=0
  337 | v | PC=0x000a1850 | INSTR=0x00000013 | DMEM[0]=0x00000000 | DMEM[4]=0xxxxxxxxx | stall=0
  338 | ^ | PC=0x000a1850 | INSTR=0x00000013 | DMEM[0]=0x00000000 | DMEM[4]=0xxxxxxxxx | stall=0
  338 | v | PC=0x000a2050 | INSTR=0x00000013 | DMEM[0]=0x00000000 | DMEM[4]=0xxxxxxxxx | stall=0
  339 | ^ | PC=0x000a2050 | INSTR=0x00000013 | DMEM[0]=0x00000000 | DMEM[4]=0xxxxxxxxx | stall=0
  339 | v | PC=0x000a2850 | INSTR=0x00000013 | DMEM[0]=0x00000000 | DMEM[4]=0xxxxxxxxx | stall=0
  340 | ^ | PC=0x000a2850 | INSTR=0x00000013 | DMEM[0]=0x00000000 | DMEM[4]=0xxxxxxxxx | stall=0
  340 | v | PC=0x000a3050 | INSTR=0x00000013 | DMEM[0]=0x00000000 | DMEM[4]=0xxxxxxxxx | stall=0
  341 | ^ | PC=0x000a3050 | INSTR=0x00000013 | DMEM[0]=0x00000000 | DMEM[4]=0xxxxxxxxx | stall=0
  341 | v | PC=0x000a3850 | INSTR=0x00000013 | DMEM[0]=0x00000000 | DMEM[4]=0xxxxxxxxx | stall=0
  342 | ^ | PC=0x000a3850 | INSTR=0x00000013 | DMEM[0]=0x00000000 | DMEM[4]=0xxxxxxxxx | stall=0
  342 | v | PC=0x000a4050 | INSTR=0x00000013 | DMEM[0]=0x00000000 | DMEM[4]=0xxxxxxxxx | stall=0
  343 | ^ | PC=0x000a4050 | INSTR=0x00000013 | DMEM[0]=0x00000000 | DMEM[4]=0xxxxxxxxx | stall=0
  343 | v | PC=0x000a4850 | INSTR=0x00000013 | DMEM[0]=0x00000000 | DMEM[4]=0xxxxxxxxx | stall=0
  344 | ^ | PC=0x000a4850 | INSTR=0x00000013 | DMEM[0]=0x00000000 | DMEM[4]=0xxxxxxxxx | stall=0
  344 | v | PC=0x000a5050 | INSTR=0x00000013 | DMEM[0]=0x00000000 | DMEM[4]=0xxxxxxxxx | stall=0
  345 | ^ | PC=0x000a5050 | INSTR=0x00000013 | DMEM[0]=0x00000000 | DMEM[4]=0xxxxxxxxx | stall=0
  345 | v | PC=0x000a5850 | INSTR=0x00000013 | DMEM[0]=0x00000000 | DMEM[4]=0xxxxxxxxx | stall=0
  346 | ^ | PC=0x000a5850 | INSTR=0x00000013 | DMEM[0]=0x00000000 | DMEM[4]=0xxxxxxxxx | stall=0
  346 | v | PC=0x000a6050 | INSTR=0x00000013 | DMEM[0]=0x00000000 | DMEM[4]=0xxxxxxxxx | stall=0
  347 | ^ | PC=0x000a6050 | INSTR=0x00000013 | DMEM[0]=0x00000000 | DMEM[4]=0xxxxxxxxx | stall=0
  347 | v | PC=0x000a6850 | INSTR=0x00000013 | DMEM[0]=0x00000000 | DMEM[4]=0xxxxxxxxx | stall=0
  348 | ^ | PC=0x000a6850 | INSTR=0x00000013 | DMEM[0]=0x00000000 | DMEM[4]=0xxxxxxxxx | stall=0
  348 | v | PC=0x000a7050 | INSTR=0x00000013 | DMEM[0]=0x00000000 | DMEM[4]=0xxxxxxxxx | stall=0
  349 | ^ | PC=0x000a7050 | INSTR=0x00000013 | DMEM[0]=0x00000000 | DMEM[4]=0xxxxxxxxx | stall=0
  349 | v | PC=0x000a7850 | INSTR=0x00000013 | DMEM[0]=0x00000000 | DMEM[4]=0xxxxxxxxx | stall=0
  350 | ^ | PC=0x000a7850 | INSTR=0x00000013 | DMEM[0]=0x00000000 | DMEM[4]=0xxxxxxxxx | stall=0
  350 | v | PC=0x000a8050 | INSTR=0x00000013 | DMEM[0]=0x00000000 | DMEM[4]=0xxxxxxxxx | stall=0
  351 | ^ | PC=0x000a8050 | INSTR=0x00000013 | DMEM[0]=0x00000000 | DMEM[4]=0xxxxxxxxx | stall=0
  351 | v | PC=0x000a8850 | INSTR=0x00000013 | DMEM[0]=0x00000000 | DMEM[4]=0xxxxxxxxx | stall=0
  352 | ^ | PC=0x000a8850 | INSTR=0x00000013 | DMEM[0]=0x00000000 | DMEM[4]=0xxxxxxxxx | stall=0
  352 | v | PC=0x000a9050 | INSTR=0x00000013 | DMEM[0]=0x00000000 | DMEM[4]=0xxxxxxxxx | stall=0
  353 | ^ | PC=0x000a9050 | INSTR=0x00000013 | DMEM[0]=0x00000000 | DMEM[4]=0xxxxxxxxx | stall=0
  353 | v | PC=0x000a9850 | INSTR=0x00000013 | DMEM[0]=0x00000000 | DMEM[4]=0xxxxxxxxx | stall=0
  354 | ^ | PC=0x000a9850 | INSTR=0x00000013 | DMEM[0]=0x00000000 | DMEM[4]=0xxxxxxxxx | stall=0
  354 | v | PC=0x000aa050 | INSTR=0x00000013 | DMEM[0]=0x00000000 | DMEM[4]=0xxxxxxxxx | stall=0
  355 | ^ | PC=0x000aa050 | INSTR=0x00000013 | DMEM[0]=0x00000000 | DMEM[4]=0xxxxxxxxx | stall=0
  355 | v | PC=0x000aa850 | INSTR=0x00000013 | DMEM[0]=0x00000000 | DMEM[4]=0xxxxxxxxx | stall=0
  356 | ^ | PC=0x000aa850 | INSTR=0x00000013 | DMEM[0]=0x00000000 | DMEM[4]=0xxxxxxxxx | stall=0
  356 | v | PC=0x000ab050 | INSTR=0x00000013 | DMEM[0]=0x00000000 | DMEM[4]=0xxxxxxxxx | stall=0
  357 | ^ | PC=0x000ab050 | INSTR=0x00000013 | DMEM[0]=0x00000000 | DMEM[4]=0xxxxxxxxx | stall=0
  357 | v | PC=0x000ab850 | INSTR=0x00000013 | DMEM[0]=0x00000000 | DMEM[4]=0xxxxxxxxx | stall=0
  358 | ^ | PC=0x000ab850 | INSTR=0x00000013 | DMEM[0]=0x00000000 | DMEM[4]=0xxxxxxxxx | stall=0
  358 | v | PC=0x000ac050 | INSTR=0x00000013 | DMEM[0]=0x00000000 | DMEM[4]=0xxxxxxxxx | stall=0
  359 | ^ | PC=0x000ac050 | INSTR=0x00000013 | DMEM[0]=0x00000000 | DMEM[4]=0xxxxxxxxx | stall=0
  359 | v | PC=0x000ac850 | INSTR=0x00000013 | DMEM[0]=0x00000000 | DMEM[4]=0xxxxxxxxx | stall=0
  360 | ^ | PC=0x000ac850 | INSTR=0x00000013 | DMEM[0]=0x00000000 | DMEM[4]=0xxxxxxxxx | stall=0
  360 | v | PC=0x000ad050 | INSTR=0x00000013 | DMEM[0]=0x00000000 | DMEM[4]=0xxxxxxxxx | stall=0
  361 | ^ | PC=0x000ad050 | INSTR=0x00000013 | DMEM[0]=0x00000000 | DMEM[4]=0xxxxxxxxx | stall=0
  361 | v | PC=0x000ad850 | INSTR=0x00000013 | DMEM[0]=0x00000000 | DMEM[4]=0xxxxxxxxx | stall=0
  362 | ^ | PC=0x000ad850 | INSTR=0x00000013 | DMEM[0]=0x00000000 | DMEM[4]=0xxxxxxxxx | stall=0
  362 | v | PC=0x000ae050 | INSTR=0x00000013 | DMEM[0]=0x00000000 | DMEM[4]=0xxxxxxxxx | stall=0
  363 | ^ | PC=0x000ae050 | INSTR=0x00000013 | DMEM[0]=0x00000000 | DMEM[4]=0xxxxxxxxx | stall=0
  363 | v | PC=0x000ae850 | INSTR=0x00000013 | DMEM[0]=0x00000000 | DMEM[4]=0xxxxxxxxx | stall=0
  364 | ^ | PC=0x000ae850 | INSTR=0x00000013 | DMEM[0]=0x00000000 | DMEM[4]=0xxxxxxxxx | stall=0
  364 | v | PC=0x000af050 | INSTR=0x00000013 | DMEM[0]=0x00000000 | DMEM[4]=0xxxxxxxxx | stall=0
  365 | ^ | PC=0x000af050 | INSTR=0x00000013 | DMEM[0]=0x00000000 | DMEM[4]=0xxxxxxxxx | stall=0
  365 | v | PC=0x000af850 | INSTR=0x00000013 | DMEM[0]=0x00000000 | DMEM[4]=0xxxxxxxxx | stall=0
  366 | ^ | PC=0x000af850 | INSTR=0x00000013 | DMEM[0]=0x00000000 | DMEM[4]=0xxxxxxxxx | stall=0
  366 | v | PC=0x000b0050 | INSTR=0x00000013 | DMEM[0]=0x00000000 | DMEM[4]=0xxxxxxxxx | stall=0
  367 | ^ | PC=0x000b0050 | INSTR=0x00000013 | DMEM[0]=0x00000000 | DMEM[4]=0xxxxxxxxx | stall=0
  367 | v | PC=0x000b0850 | INSTR=0x00000013 | DMEM[0]=0x00000000 | DMEM[4]=0xxxxxxxxx | stall=0
  368 | ^ | PC=0x000b0850 | INSTR=0x00000013 | DMEM[0]=0x00000000 | DMEM[4]=0xxxxxxxxx | stall=0
  368 | v | PC=0x000b1050 | INSTR=0x00000013 | DMEM[0]=0x00000000 | DMEM[4]=0xxxxxxxxx | stall=0
  369 | ^ | PC=0x000b1050 | INSTR=0x00000013 | DMEM[0]=0x00000000 | DMEM[4]=0xxxxxxxxx | stall=0
  369 | v | PC=0x000b1850 | INSTR=0x00000013 | DMEM[0]=0x00000000 | DMEM[4]=0xxxxxxxxx | stall=0
  370 | ^ | PC=0x000b1850 | INSTR=0x00000013 | DMEM[0]=0x00000000 | DMEM[4]=0xxxxxxxxx | stall=0
  370 | v | PC=0x000b2050 | INSTR=0x00000013 | DMEM[0]=0x00000000 | DMEM[4]=0xxxxxxxxx | stall=0
  371 | ^ | PC=0x000b2050 | INSTR=0x00000013 | DMEM[0]=0x00000000 | DMEM[4]=0xxxxxxxxx | stall=0
  371 | v | PC=0x000b2850 | INSTR=0x00000013 | DMEM[0]=0x00000000 | DMEM[4]=0xxxxxxxxx | stall=0
  372 | ^ | PC=0x000b2850 | INSTR=0x00000013 | DMEM[0]=0x00000000 | DMEM[4]=0xxxxxxxxx | stall=0
  372 | v | PC=0x000b3050 | INSTR=0x00000013 | DMEM[0]=0x00000000 | DMEM[4]=0xxxxxxxxx | stall=0
  373 | ^ | PC=0x000b3050 | INSTR=0x00000013 | DMEM[0]=0x00000000 | DMEM[4]=0xxxxxxxxx | stall=0
  373 | v | PC=0x000b3850 | INSTR=0x00000013 | DMEM[0]=0x00000000 | DMEM[4]=0xxxxxxxxx | stall=0
  374 | ^ | PC=0x000b3850 | INSTR=0x00000013 | DMEM[0]=0x00000000 | DMEM[4]=0xxxxxxxxx | stall=0
  374 | v | PC=0x000b4050 | INSTR=0x00000013 | DMEM[0]=0x00000000 | DMEM[4]=0xxxxxxxxx | stall=0
  375 | ^ | PC=0x000b4050 | INSTR=0x00000013 | DMEM[0]=0x00000000 | DMEM[4]=0xxxxxxxxx | stall=0
  375 | v | PC=0x000b4850 | INSTR=0x00000013 | DMEM[0]=0x00000000 | DMEM[4]=0xxxxxxxxx | stall=0
  376 | ^ | PC=0x000b4850 | INSTR=0x00000013 | DMEM[0]=0x00000000 | DMEM[4]=0xxxxxxxxx | stall=0
  376 | v | PC=0x000b5050 | INSTR=0x00000013 | DMEM[0]=0x00000000 | DMEM[4]=0xxxxxxxxx | stall=0
  377 | ^ | PC=0x000b5050 | INSTR=0x00000013 | DMEM[0]=0x00000000 | DMEM[4]=0xxxxxxxxx | stall=0
  377 | v | PC=0x000b5850 | INSTR=0x00000013 | DMEM[0]=0x00000000 | DMEM[4]=0xxxxxxxxx | stall=0
  378 | ^ | PC=0x000b5850 | INSTR=0x00000013 | DMEM[0]=0x00000000 | DMEM[4]=0xxxxxxxxx | stall=0
  378 | v | PC=0x000b6050 | INSTR=0x00000013 | DMEM[0]=0x00000000 | DMEM[4]=0xxxxxxxxx | stall=0
  379 | ^ | PC=0x000b6050 | INSTR=0x00000013 | DMEM[0]=0x00000000 | DMEM[4]=0xxxxxxxxx | stall=0
  379 | v | PC=0x000b6850 | INSTR=0x00000013 | DMEM[0]=0x00000000 | DMEM[4]=0xxxxxxxxx | stall=0
  380 | ^ | PC=0x000b6850 | INSTR=0x00000013 | DMEM[0]=0x00000000 | DMEM[4]=0xxxxxxxxx | stall=0
  380 | v | PC=0x000b7050 | INSTR=0x00000013 | DMEM[0]=0x00000000 | DMEM[4]=0xxxxxxxxx | stall=0
  381 | ^ | PC=0x000b7050 | INSTR=0x00000013 | DMEM[0]=0x00000000 | DMEM[4]=0xxxxxxxxx | stall=0
  381 | v | PC=0x000b7850 | INSTR=0x00000013 | DMEM[0]=0x00000000 | DMEM[4]=0xxxxxxxxx | stall=0
  382 | ^ | PC=0x000b7850 | INSTR=0x00000013 | DMEM[0]=0x00000000 | DMEM[4]=0xxxxxxxxx | stall=0
  382 | v | PC=0x000b8050 | INSTR=0x00000013 | DMEM[0]=0x00000000 | DMEM[4]=0xxxxxxxxx | stall=0
  383 | ^ | PC=0x000b8050 | INSTR=0x00000013 | DMEM[0]=0x00000000 | DMEM[4]=0xxxxxxxxx | stall=0
  383 | v | PC=0x000b8850 | INSTR=0x00000013 | DMEM[0]=0x00000000 | DMEM[4]=0xxxxxxxxx | stall=0
  384 | ^ | PC=0x000b8850 | INSTR=0x00000013 | DMEM[0]=0x00000000 | DMEM[4]=0xxxxxxxxx | stall=0
  384 | v | PC=0x000b9050 | INSTR=0x00000013 | DMEM[0]=0x00000000 | DMEM[4]=0xxxxxxxxx | stall=0
  385 | ^ | PC=0x000b9050 | INSTR=0x00000013 | DMEM[0]=0x00000000 | DMEM[4]=0xxxxxxxxx | stall=0
  385 | v | PC=0x000b9850 | INSTR=0x00000013 | DMEM[0]=0x00000000 | DMEM[4]=0xxxxxxxxx | stall=0
  386 | ^ | PC=0x000b9850 | INSTR=0x00000013 | DMEM[0]=0x00000000 | DMEM[4]=0xxxxxxxxx | stall=0
  386 | v | PC=0x000ba050 | INSTR=0x00000013 | DMEM[0]=0x00000000 | DMEM[4]=0xxxxxxxxx | stall=0
  387 | ^ | PC=0x000ba050 | INSTR=0x00000013 | DMEM[0]=0x00000000 | DMEM[4]=0xxxxxxxxx | stall=0
  387 | v | PC=0x000ba850 | INSTR=0x00000013 | DMEM[0]=0x00000000 | DMEM[4]=0xxxxxxxxx | stall=0
  388 | ^ | PC=0x000ba850 | INSTR=0x00000013 | DMEM[0]=0x00000000 | DMEM[4]=0xxxxxxxxx | stall=0
  388 | v | PC=0x000bb050 | INSTR=0x00000013 | DMEM[0]=0x00000000 | DMEM[4]=0xxxxxxxxx | stall=0
  389 | ^ | PC=0x000bb050 | INSTR=0x00000013 | DMEM[0]=0x00000000 | DMEM[4]=0xxxxxxxxx | stall=0
  389 | v | PC=0x000bb850 | INSTR=0x00000013 | DMEM[0]=0x00000000 | DMEM[4]=0xxxxxxxxx | stall=0
  390 | ^ | PC=0x000bb850 | INSTR=0x00000013 | DMEM[0]=0x00000000 | DMEM[4]=0xxxxxxxxx | stall=0
  390 | v | PC=0x000bc050 | INSTR=0x00000013 | DMEM[0]=0x00000000 | DMEM[4]=0xxxxxxxxx | stall=0
  391 | ^ | PC=0x000bc050 | INSTR=0x00000013 | DMEM[0]=0x00000000 | DMEM[4]=0xxxxxxxxx | stall=0
  391 | v | PC=0x000bc850 | INSTR=0x00000013 | DMEM[0]=0x00000000 | DMEM[4]=0xxxxxxxxx | stall=0
  392 | ^ | PC=0x000bc850 | INSTR=0x00000013 | DMEM[0]=0x00000000 | DMEM[4]=0xxxxxxxxx | stall=0
  392 | v | PC=0x000bd050 | INSTR=0x00000013 | DMEM[0]=0x00000000 | DMEM[4]=0xxxxxxxxx | stall=0
  393 | ^ | PC=0x000bd050 | INSTR=0x00000013 | DMEM[0]=0x00000000 | DMEM[4]=0xxxxxxxxx | stall=0
  393 | v | PC=0x000bd850 | INSTR=0x00000013 | DMEM[0]=0x00000000 | DMEM[4]=0xxxxxxxxx | stall=0
  394 | ^ | PC=0x000bd850 | INSTR=0x00000013 | DMEM[0]=0x00000000 | DMEM[4]=0xxxxxxxxx | stall=0
  394 | v | PC=0x000be050 | INSTR=0x00000013 | DMEM[0]=0x00000000 | DMEM[4]=0xxxxxxxxx | stall=0
  395 | ^ | PC=0x000be050 | INSTR=0x00000013 | DMEM[0]=0x00000000 | DMEM[4]=0xxxxxxxxx | stall=0
  395 | v | PC=0x000be850 | INSTR=0x00000013 | DMEM[0]=0x00000000 | DMEM[4]=0xxxxxxxxx | stall=0
  396 | ^ | PC=0x000be850 | INSTR=0x00000013 | DMEM[0]=0x00000000 | DMEM[4]=0xxxxxxxxx | stall=0
  396 | v | PC=0x000bf050 | INSTR=0x00000013 | DMEM[0]=0x00000000 | DMEM[4]=0xxxxxxxxx | stall=0
  397 | ^ | PC=0x000bf050 | INSTR=0x00000013 | DMEM[0]=0x00000000 | DMEM[4]=0xxxxxxxxx | stall=0
  397 | v | PC=0x000bf850 | INSTR=0x00000013 | DMEM[0]=0x00000000 | DMEM[4]=0xxxxxxxxx | stall=0
  398 | ^ | PC=0x000bf850 | INSTR=0x00000013 | DMEM[0]=0x00000000 | DMEM[4]=0xxxxxxxxx | stall=0
  398 | v | PC=0x000c0050 | INSTR=0x00000013 | DMEM[0]=0x00000000 | DMEM[4]=0xxxxxxxxx | stall=0
  399 | ^ | PC=0x000c0050 | INSTR=0x00000013 | DMEM[0]=0x00000000 | DMEM[4]=0xxxxxxxxx | stall=0
  399 | v | PC=0x000c0850 | INSTR=0x00000013 | DMEM[0]=0x00000000 | DMEM[4]=0xxxxxxxxx | stall=0
  400 | ^ | PC=0x000c0850 | INSTR=0x00000013 | DMEM[0]=0x00000000 | DMEM[4]=0xxxxxxxxx | stall=0
  400 | v | PC=0x000c1050 | INSTR=0x00000013 | DMEM[0]=0x00000000 | DMEM[4]=0xxxxxxxxx | stall=0
  401 | ^ | PC=0x000c1050 | INSTR=0x00000013 | DMEM[0]=0x00000000 | DMEM[4]=0xxxxxxxxx | stall=0
  401 | v | PC=0x000c1850 | INSTR=0x00000013 | DMEM[0]=0x00000000 | DMEM[4]=0xxxxxxxxx | stall=0
  402 | ^ | PC=0x000c1850 | INSTR=0x00000013 | DMEM[0]=0x00000000 | DMEM[4]=0xxxxxxxxx | stall=0
  402 | v | PC=0x000c2050 | INSTR=0x00000013 | DMEM[0]=0x00000000 | DMEM[4]=0xxxxxxxxx | stall=0
  403 | ^ | PC=0x000c2050 | INSTR=0x00000013 | DMEM[0]=0x00000000 | DMEM[4]=0xxxxxxxxx | stall=0
  403 | v | PC=0x000c2850 | INSTR=0x00000013 | DMEM[0]=0x00000000 | DMEM[4]=0xxxxxxxxx | stall=0
  404 | ^ | PC=0x000c2850 | INSTR=0x00000013 | DMEM[0]=0x00000000 | DMEM[4]=0xxxxxxxxx | stall=0
  404 | v | PC=0x000c3050 | INSTR=0x00000013 | DMEM[0]=0x00000000 | DMEM[4]=0xxxxxxxxx | stall=0
  405 | ^ | PC=0x000c3050 | INSTR=0x00000013 | DMEM[0]=0x00000000 | DMEM[4]=0xxxxxxxxx | stall=0
  405 | v | PC=0x000c3850 | INSTR=0x00000013 | DMEM[0]=0x00000000 | DMEM[4]=0xxxxxxxxx | stall=0
  406 | ^ | PC=0x000c3850 | INSTR=0x00000013 | DMEM[0]=0x00000000 | DMEM[4]=0xxxxxxxxx | stall=0
  406 | v | PC=0x000c4050 | INSTR=0x00000013 | DMEM[0]=0x00000000 | DMEM[4]=0xxxxxxxxx | stall=0
  407 | ^ | PC=0x000c4050 | INSTR=0x00000013 | DMEM[0]=0x00000000 | DMEM[4]=0xxxxxxxxx | stall=0
  407 | v | PC=0x000c4850 | INSTR=0x00000013 | DMEM[0]=0x00000000 | DMEM[4]=0xxxxxxxxx | stall=0
  408 | ^ | PC=0x000c4850 | INSTR=0x00000013 | DMEM[0]=0x00000000 | DMEM[4]=0xxxxxxxxx | stall=0
  408 | v | PC=0x000c5050 | INSTR=0x00000013 | DMEM[0]=0x00000000 | DMEM[4]=0xxxxxxxxx | stall=0
  409 | ^ | PC=0x000c5050 | INSTR=0x00000013 | DMEM[0]=0x00000000 | DMEM[4]=0xxxxxxxxx | stall=0
  409 | v | PC=0x000c5850 | INSTR=0x00000013 | DMEM[0]=0x00000000 | DMEM[4]=0xxxxxxxxx | stall=0
  410 | ^ | PC=0x000c5850 | INSTR=0x00000013 | DMEM[0]=0x00000000 | DMEM[4]=0xxxxxxxxx | stall=0
  410 | v | PC=0x000c6050 | INSTR=0x00000013 | DMEM[0]=0x00000000 | DMEM[4]=0xxxxxxxxx | stall=0
  411 | ^ | PC=0x000c6050 | INSTR=0x00000013 | DMEM[0]=0x00000000 | DMEM[4]=0xxxxxxxxx | stall=0
  411 | v | PC=0x000c6850 | INSTR=0x00000013 | DMEM[0]=0x00000000 | DMEM[4]=0xxxxxxxxx | stall=0
  412 | ^ | PC=0x000c6850 | INSTR=0x00000013 | DMEM[0]=0x00000000 | DMEM[4]=0xxxxxxxxx | stall=0
  412 | v | PC=0x000c7050 | INSTR=0x00000013 | DMEM[0]=0x00000000 | DMEM[4]=0xxxxxxxxx | stall=0
  413 | ^ | PC=0x000c7050 | INSTR=0x00000013 | DMEM[0]=0x00000000 | DMEM[4]=0xxxxxxxxx | stall=0
  413 | v | PC=0x000c7850 | INSTR=0x00000013 | DMEM[0]=0x00000000 | DMEM[4]=0xxxxxxxxx | stall=0
  414 | ^ | PC=0x000c7850 | INSTR=0x00000013 | DMEM[0]=0x00000000 | DMEM[4]=0xxxxxxxxx | stall=0
  414 | v | PC=0x000c8050 | INSTR=0x00000013 | DMEM[0]=0x00000000 | DMEM[4]=0xxxxxxxxx | stall=0
  415 | ^ | PC=0x000c8050 | INSTR=0x00000013 | DMEM[0]=0x00000000 | DMEM[4]=0xxxxxxxxx | stall=0
  415 | v | PC=0x000c8850 | INSTR=0x00000013 | DMEM[0]=0x00000000 | DMEM[4]=0xxxxxxxxx | stall=0
  416 | ^ | PC=0x000c8850 | INSTR=0x00000013 | DMEM[0]=0x00000000 | DMEM[4]=0xxxxxxxxx | stall=0
  416 | v | PC=0x000c9050 | INSTR=0x00000013 | DMEM[0]=0x00000000 | DMEM[4]=0xxxxxxxxx | stall=0
  417 | ^ | PC=0x000c9050 | INSTR=0x00000013 | DMEM[0]=0x00000000 | DMEM[4]=0xxxxxxxxx | stall=0
  417 | v | PC=0x000c9850 | INSTR=0x00000013 | DMEM[0]=0x00000000 | DMEM[4]=0xxxxxxxxx | stall=0
  418 | ^ | PC=0x000c9850 | INSTR=0x00000013 | DMEM[0]=0x00000000 | DMEM[4]=0xxxxxxxxx | stall=0
  418 | v | PC=0x000ca050 | INSTR=0x00000013 | DMEM[0]=0x00000000 | DMEM[4]=0xxxxxxxxx | stall=0
  419 | ^ | PC=0x000ca050 | INSTR=0x00000013 | DMEM[0]=0x00000000 | DMEM[4]=0xxxxxxxxx | stall=0
  419 | v | PC=0x000ca850 | INSTR=0x00000013 | DMEM[0]=0x00000000 | DMEM[4]=0xxxxxxxxx | stall=0
  420 | ^ | PC=0x000ca850 | INSTR=0x00000013 | DMEM[0]=0x00000000 | DMEM[4]=0xxxxxxxxx | stall=0
  420 | v | PC=0x000cb050 | INSTR=0x00000013 | DMEM[0]=0x00000000 | DMEM[4]=0xxxxxxxxx | stall=0
  421 | ^ | PC=0x000cb050 | INSTR=0x00000013 | DMEM[0]=0x00000000 | DMEM[4]=0xxxxxxxxx | stall=0
  421 | v | PC=0x000cb850 | INSTR=0x00000013 | DMEM[0]=0x00000000 | DMEM[4]=0xxxxxxxxx | stall=0
  422 | ^ | PC=0x000cb850 | INSTR=0x00000013 | DMEM[0]=0x00000000 | DMEM[4]=0xxxxxxxxx | stall=0
  422 | v | PC=0x000cc050 | INSTR=0x00000013 | DMEM[0]=0x00000000 | DMEM[4]=0xxxxxxxxx | stall=0
  423 | ^ | PC=0x000cc050 | INSTR=0x00000013 | DMEM[0]=0x00000000 | DMEM[4]=0xxxxxxxxx | stall=0
  423 | v | PC=0x000cc850 | INSTR=0x00000013 | DMEM[0]=0x00000000 | DMEM[4]=0xxxxxxxxx | stall=0
  424 | ^ | PC=0x000cc850 | INSTR=0x00000013 | DMEM[0]=0x00000000 | DMEM[4]=0xxxxxxxxx | stall=0
  424 | v | PC=0x000cd050 | INSTR=0x00000013 | DMEM[0]=0x00000000 | DMEM[4]=0xxxxxxxxx | stall=0
  425 | ^ | PC=0x000cd050 | INSTR=0x00000013 | DMEM[0]=0x00000000 | DMEM[4]=0xxxxxxxxx | stall=0
  425 | v | PC=0x000cd850 | INSTR=0x00000013 | DMEM[0]=0x00000000 | DMEM[4]=0xxxxxxxxx | stall=0
  426 | ^ | PC=0x000cd850 | INSTR=0x00000013 | DMEM[0]=0x00000000 | DMEM[4]=0xxxxxxxxx | stall=0
  426 | v | PC=0x000ce050 | INSTR=0x00000013 | DMEM[0]=0x00000000 | DMEM[4]=0xxxxxxxxx | stall=0
  427 | ^ | PC=0x000ce050 | INSTR=0x00000013 | DMEM[0]=0x00000000 | DMEM[4]=0xxxxxxxxx | stall=0
  427 | v | PC=0x000ce850 | INSTR=0x00000013 | DMEM[0]=0x00000000 | DMEM[4]=0xxxxxxxxx | stall=0
  428 | ^ | PC=0x000ce850 | INSTR=0x00000013 | DMEM[0]=0x00000000 | DMEM[4]=0xxxxxxxxx | stall=0
  428 | v | PC=0x000cf050 | INSTR=0x00000013 | DMEM[0]=0x00000000 | DMEM[4]=0xxxxxxxxx | stall=0
  429 | ^ | PC=0x000cf050 | INSTR=0x00000013 | DMEM[0]=0x00000000 | DMEM[4]=0xxxxxxxxx | stall=0
  429 | v | PC=0x000cf850 | INSTR=0x00000013 | DMEM[0]=0x00000000 | DMEM[4]=0xxxxxxxxx | stall=0
  430 | ^ | PC=0x000cf850 | INSTR=0x00000013 | DMEM[0]=0x00000000 | DMEM[4]=0xxxxxxxxx | stall=0
  430 | v | PC=0x000d0050 | INSTR=0x00000013 | DMEM[0]=0x00000000 | DMEM[4]=0xxxxxxxxx | stall=0
  431 | ^ | PC=0x000d0050 | INSTR=0x00000013 | DMEM[0]=0x00000000 | DMEM[4]=0xxxxxxxxx | stall=0
  431 | v | PC=0x000d0850 | INSTR=0x00000013 | DMEM[0]=0x00000000 | DMEM[4]=0xxxxxxxxx | stall=0
  432 | ^ | PC=0x000d0850 | INSTR=0x00000013 | DMEM[0]=0x00000000 | DMEM[4]=0xxxxxxxxx | stall=0
  432 | v | PC=0x000d1050 | INSTR=0x00000013 | DMEM[0]=0x00000000 | DMEM[4]=0xxxxxxxxx | stall=0
  433 | ^ | PC=0x000d1050 | INSTR=0x00000013 | DMEM[0]=0x00000000 | DMEM[4]=0xxxxxxxxx | stall=0
  433 | v | PC=0x000d1850 | INSTR=0x00000013 | DMEM[0]=0x00000000 | DMEM[4]=0xxxxxxxxx | stall=0
  434 | ^ | PC=0x000d1850 | INSTR=0x00000013 | DMEM[0]=0x00000000 | DMEM[4]=0xxxxxxxxx | stall=0
  434 | v | PC=0x000d2050 | INSTR=0x00000013 | DMEM[0]=0x00000000 | DMEM[4]=0xxxxxxxxx | stall=0
  435 | ^ | PC=0x000d2050 | INSTR=0x00000013 | DMEM[0]=0x00000000 | DMEM[4]=0xxxxxxxxx | stall=0
  435 | v | PC=0x000d2850 | INSTR=0x00000013 | DMEM[0]=0x00000000 | DMEM[4]=0xxxxxxxxx | stall=0
  436 | ^ | PC=0x000d2850 | INSTR=0x00000013 | DMEM[0]=0x00000000 | DMEM[4]=0xxxxxxxxx | stall=0
  436 | v | PC=0x000d3050 | INSTR=0x00000013 | DMEM[0]=0x00000000 | DMEM[4]=0xxxxxxxxx | stall=0
  437 | ^ | PC=0x000d3050 | INSTR=0x00000013 | DMEM[0]=0x00000000 | DMEM[4]=0xxxxxxxxx | stall=0
  437 | v | PC=0x000d3850 | INSTR=0x00000013 | DMEM[0]=0x00000000 | DMEM[4]=0xxxxxxxxx | stall=0
  438 | ^ | PC=0x000d3850 | INSTR=0x00000013 | DMEM[0]=0x00000000 | DMEM[4]=0xxxxxxxxx | stall=0
  438 | v | PC=0x000d4050 | INSTR=0x00000013 | DMEM[0]=0x00000000 | DMEM[4]=0xxxxxxxxx | stall=0
  439 | ^ | PC=0x000d4050 | INSTR=0x00000013 | DMEM[0]=0x00000000 | DMEM[4]=0xxxxxxxxx | stall=0
  439 | v | PC=0x000d4850 | INSTR=0x00000013 | DMEM[0]=0x00000000 | DMEM[4]=0xxxxxxxxx | stall=0
  440 | ^ | PC=0x000d4850 | INSTR=0x00000013 | DMEM[0]=0x00000000 | DMEM[4]=0xxxxxxxxx | stall=0
  440 | v | PC=0x000d5050 | INSTR=0x00000013 | DMEM[0]=0x00000000 | DMEM[4]=0xxxxxxxxx | stall=0
  441 | ^ | PC=0x000d5050 | INSTR=0x00000013 | DMEM[0]=0x00000000 | DMEM[4]=0xxxxxxxxx | stall=0
  441 | v | PC=0x000d5850 | INSTR=0x00000013 | DMEM[0]=0x00000000 | DMEM[4]=0xxxxxxxxx | stall=0
  442 | ^ | PC=0x000d5850 | INSTR=0x00000013 | DMEM[0]=0x00000000 | DMEM[4]=0xxxxxxxxx | stall=0
  442 | v | PC=0x000d6050 | INSTR=0x00000013 | DMEM[0]=0x00000000 | DMEM[4]=0xxxxxxxxx | stall=0
  443 | ^ | PC=0x000d6050 | INSTR=0x00000013 | DMEM[0]=0x00000000 | DMEM[4]=0xxxxxxxxx | stall=0
  443 | v | PC=0x000d6850 | INSTR=0x00000013 | DMEM[0]=0x00000000 | DMEM[4]=0xxxxxxxxx | stall=0
  444 | ^ | PC=0x000d6850 | INSTR=0x00000013 | DMEM[0]=0x00000000 | DMEM[4]=0xxxxxxxxx | stall=0
  444 | v | PC=0x000d7050 | INSTR=0x00000013 | DMEM[0]=0x00000000 | DMEM[4]=0xxxxxxxxx | stall=0
  445 | ^ | PC=0x000d7050 | INSTR=0x00000013 | DMEM[0]=0x00000000 | DMEM[4]=0xxxxxxxxx | stall=0
  445 | v | PC=0x000d7850 | INSTR=0x00000013 | DMEM[0]=0x00000000 | DMEM[4]=0xxxxxxxxx | stall=0
  446 | ^ | PC=0x000d7850 | INSTR=0x00000013 | DMEM[0]=0x00000000 | DMEM[4]=0xxxxxxxxx | stall=0
  446 | v | PC=0x000d8050 | INSTR=0x00000013 | DMEM[0]=0x00000000 | DMEM[4]=0xxxxxxxxx | stall=0
  447 | ^ | PC=0x000d8050 | INSTR=0x00000013 | DMEM[0]=0x00000000 | DMEM[4]=0xxxxxxxxx | stall=0
  447 | v | PC=0x000d8850 | INSTR=0x00000013 | DMEM[0]=0x00000000 | DMEM[4]=0xxxxxxxxx | stall=0
  448 | ^ | PC=0x000d8850 | INSTR=0x00000013 | DMEM[0]=0x00000000 | DMEM[4]=0xxxxxxxxx | stall=0
  448 | v | PC=0x000d9050 | INSTR=0x00000013 | DMEM[0]=0x00000000 | DMEM[4]=0xxxxxxxxx | stall=0
  449 | ^ | PC=0x000d9050 | INSTR=0x00000013 | DMEM[0]=0x00000000 | DMEM[4]=0xxxxxxxxx | stall=0
  449 | v | PC=0x000d9850 | INSTR=0x00000013 | DMEM[0]=0x00000000 | DMEM[4]=0xxxxxxxxx | stall=0
  450 | ^ | PC=0x000d9850 | INSTR=0x00000013 | DMEM[0]=0x00000000 | DMEM[4]=0xxxxxxxxx | stall=0
  450 | v | PC=0x000da050 | INSTR=0x00000013 | DMEM[0]=0x00000000 | DMEM[4]=0xxxxxxxxx | stall=0
  451 | ^ | PC=0x000da050 | INSTR=0x00000013 | DMEM[0]=0x00000000 | DMEM[4]=0xxxxxxxxx | stall=0
  451 | v | PC=0x000da850 | INSTR=0x00000013 | DMEM[0]=0x00000000 | DMEM[4]=0xxxxxxxxx | stall=0
  452 | ^ | PC=0x000da850 | INSTR=0x00000013 | DMEM[0]=0x00000000 | DMEM[4]=0xxxxxxxxx | stall=0
  452 | v | PC=0x000db050 | INSTR=0x00000013 | DMEM[0]=0x00000000 | DMEM[4]=0xxxxxxxxx | stall=0
  453 | ^ | PC=0x000db050 | INSTR=0x00000013 | DMEM[0]=0x00000000 | DMEM[4]=0xxxxxxxxx | stall=0
  453 | v | PC=0x000db850 | INSTR=0x00000013 | DMEM[0]=0x00000000 | DMEM[4]=0xxxxxxxxx | stall=0
  454 | ^ | PC=0x000db850 | INSTR=0x00000013 | DMEM[0]=0x00000000 | DMEM[4]=0xxxxxxxxx | stall=0
  454 | v | PC=0x000dc050 | INSTR=0x00000013 | DMEM[0]=0x00000000 | DMEM[4]=0xxxxxxxxx | stall=0
  455 | ^ | PC=0x000dc050 | INSTR=0x00000013 | DMEM[0]=0x00000000 | DMEM[4]=0xxxxxxxxx | stall=0
  455 | v | PC=0x000dc850 | INSTR=0x00000013 | DMEM[0]=0x00000000 | DMEM[4]=0xxxxxxxxx | stall=0
  456 | ^ | PC=0x000dc850 | INSTR=0x00000013 | DMEM[0]=0x00000000 | DMEM[4]=0xxxxxxxxx | stall=0
  456 | v | PC=0x000dd050 | INSTR=0x00000013 | DMEM[0]=0x00000000 | DMEM[4]=0xxxxxxxxx | stall=0
  457 | ^ | PC=0x000dd050 | INSTR=0x00000013 | DMEM[0]=0x00000000 | DMEM[4]=0xxxxxxxxx | stall=0
  457 | v | PC=0x000dd850 | INSTR=0x00000013 | DMEM[0]=0x00000000 | DMEM[4]=0xxxxxxxxx | stall=0
  458 | ^ | PC=0x000dd850 | INSTR=0x00000013 | DMEM[0]=0x00000000 | DMEM[4]=0xxxxxxxxx | stall=0
  458 | v | PC=0x000de050 | INSTR=0x00000013 | DMEM[0]=0x00000000 | DMEM[4]=0xxxxxxxxx | stall=0
  459 | ^ | PC=0x000de050 | INSTR=0x00000013 | DMEM[0]=0x00000000 | DMEM[4]=0xxxxxxxxx | stall=0
  459 | v | PC=0x000de850 | INSTR=0x00000013 | DMEM[0]=0x00000000 | DMEM[4]=0xxxxxxxxx | stall=0
  460 | ^ | PC=0x000de850 | INSTR=0x00000013 | DMEM[0]=0x00000000 | DMEM[4]=0xxxxxxxxx | stall=0
  460 | v | PC=0x000df050 | INSTR=0x00000013 | DMEM[0]=0x00000000 | DMEM[4]=0xxxxxxxxx | stall=0
  461 | ^ | PC=0x000df050 | INSTR=0x00000013 | DMEM[0]=0x00000000 | DMEM[4]=0xxxxxxxxx | stall=0
  461 | v | PC=0x000df850 | INSTR=0x00000013 | DMEM[0]=0x00000000 | DMEM[4]=0xxxxxxxxx | stall=0
  462 | ^ | PC=0x000df850 | INSTR=0x00000013 | DMEM[0]=0x00000000 | DMEM[4]=0xxxxxxxxx | stall=0
  462 | v | PC=0x000e0050 | INSTR=0x00000013 | DMEM[0]=0x00000000 | DMEM[4]=0xxxxxxxxx | stall=0
  463 | ^ | PC=0x000e0050 | INSTR=0x00000013 | DMEM[0]=0x00000000 | DMEM[4]=0xxxxxxxxx | stall=0
  463 | v | PC=0x000e0850 | INSTR=0x00000013 | DMEM[0]=0x00000000 | DMEM[4]=0xxxxxxxxx | stall=0
  464 | ^ | PC=0x000e0850 | INSTR=0x00000013 | DMEM[0]=0x00000000 | DMEM[4]=0xxxxxxxxx | stall=0
  464 | v | PC=0x000e1050 | INSTR=0x00000013 | DMEM[0]=0x00000000 | DMEM[4]=0xxxxxxxxx | stall=0
  465 | ^ | PC=0x000e1050 | INSTR=0x00000013 | DMEM[0]=0x00000000 | DMEM[4]=0xxxxxxxxx | stall=0
  465 | v | PC=0x000e1850 | INSTR=0x00000013 | DMEM[0]=0x00000000 | DMEM[4]=0xxxxxxxxx | stall=0
  466 | ^ | PC=0x000e1850 | INSTR=0x00000013 | DMEM[0]=0x00000000 | DMEM[4]=0xxxxxxxxx | stall=0
  466 | v | PC=0x000e2050 | INSTR=0x00000013 | DMEM[0]=0x00000000 | DMEM[4]=0xxxxxxxxx | stall=0
  467 | ^ | PC=0x000e2050 | INSTR=0x00000013 | DMEM[0]=0x00000000 | DMEM[4]=0xxxxxxxxx | stall=0
  467 | v | PC=0x000e2850 | INSTR=0x00000013 | DMEM[0]=0x00000000 | DMEM[4]=0xxxxxxxxx | stall=0
  468 | ^ | PC=0x000e2850 | INSTR=0x00000013 | DMEM[0]=0x00000000 | DMEM[4]=0xxxxxxxxx | stall=0
  468 | v | PC=0x000e3050 | INSTR=0x00000013 | DMEM[0]=0x00000000 | DMEM[4]=0xxxxxxxxx | stall=0
  469 | ^ | PC=0x000e3050 | INSTR=0x00000013 | DMEM[0]=0x00000000 | DMEM[4]=0xxxxxxxxx | stall=0
  469 | v | PC=0x000e3850 | INSTR=0x00000013 | DMEM[0]=0x00000000 | DMEM[4]=0xxxxxxxxx | stall=0
  470 | ^ | PC=0x000e3850 | INSTR=0x00000013 | DMEM[0]=0x00000000 | DMEM[4]=0xxxxxxxxx | stall=0
  470 | v | PC=0x000e4050 | INSTR=0x00000013 | DMEM[0]=0x00000000 | DMEM[4]=0xxxxxxxxx | stall=0
  471 | ^ | PC=0x000e4050 | INSTR=0x00000013 | DMEM[0]=0x00000000 | DMEM[4]=0xxxxxxxxx | stall=0
  471 | v | PC=0x000e4850 | INSTR=0x00000013 | DMEM[0]=0x00000000 | DMEM[4]=0xxxxxxxxx | stall=0
  472 | ^ | PC=0x000e4850 | INSTR=0x00000013 | DMEM[0]=0x00000000 | DMEM[4]=0xxxxxxxxx | stall=0
  472 | v | PC=0x000e5050 | INSTR=0x00000013 | DMEM[0]=0x00000000 | DMEM[4]=0xxxxxxxxx | stall=0
  473 | ^ | PC=0x000e5050 | INSTR=0x00000013 | DMEM[0]=0x00000000 | DMEM[4]=0xxxxxxxxx | stall=0
  473 | v | PC=0x000e5850 | INSTR=0x00000013 | DMEM[0]=0x00000000 | DMEM[4]=0xxxxxxxxx | stall=0
  474 | ^ | PC=0x000e5850 | INSTR=0x00000013 | DMEM[0]=0x00000000 | DMEM[4]=0xxxxxxxxx | stall=0
  474 | v | PC=0x000e6050 | INSTR=0x00000013 | DMEM[0]=0x00000000 | DMEM[4]=0xxxxxxxxx | stall=0
  475 | ^ | PC=0x000e6050 | INSTR=0x00000013 | DMEM[0]=0x00000000 | DMEM[4]=0xxxxxxxxx | stall=0
  475 | v | PC=0x000e6850 | INSTR=0x00000013 | DMEM[0]=0x00000000 | DMEM[4]=0xxxxxxxxx | stall=0
  476 | ^ | PC=0x000e6850 | INSTR=0x00000013 | DMEM[0]=0x00000000 | DMEM[4]=0xxxxxxxxx | stall=0
  476 | v | PC=0x000e7050 | INSTR=0x00000013 | DMEM[0]=0x00000000 | DMEM[4]=0xxxxxxxxx | stall=0
  477 | ^ | PC=0x000e7050 | INSTR=0x00000013 | DMEM[0]=0x00000000 | DMEM[4]=0xxxxxxxxx | stall=0
  477 | v | PC=0x000e7850 | INSTR=0x00000013 | DMEM[0]=0x00000000 | DMEM[4]=0xxxxxxxxx | stall=0
  478 | ^ | PC=0x000e7850 | INSTR=0x00000013 | DMEM[0]=0x00000000 | DMEM[4]=0xxxxxxxxx | stall=0
  478 | v | PC=0x000e8050 | INSTR=0x00000013 | DMEM[0]=0x00000000 | DMEM[4]=0xxxxxxxxx | stall=0
  479 | ^ | PC=0x000e8050 | INSTR=0x00000013 | DMEM[0]=0x00000000 | DMEM[4]=0xxxxxxxxx | stall=0
  479 | v | PC=0x000e8850 | INSTR=0x00000013 | DMEM[0]=0x00000000 | DMEM[4]=0xxxxxxxxx | stall=0
  480 | ^ | PC=0x000e8850 | INSTR=0x00000013 | DMEM[0]=0x00000000 | DMEM[4]=0xxxxxxxxx | stall=0
  480 | v | PC=0x000e9050 | INSTR=0x00000013 | DMEM[0]=0x00000000 | DMEM[4]=0xxxxxxxxx | stall=0
  481 | ^ | PC=0x000e9050 | INSTR=0x00000013 | DMEM[0]=0x00000000 | DMEM[4]=0xxxxxxxxx | stall=0
  481 | v | PC=0x000e9850 | INSTR=0x00000013 | DMEM[0]=0x00000000 | DMEM[4]=0xxxxxxxxx | stall=0
  482 | ^ | PC=0x000e9850 | INSTR=0x00000013 | DMEM[0]=0x00000000 | DMEM[4]=0xxxxxxxxx | stall=0
  482 | v | PC=0x000ea050 | INSTR=0x00000013 | DMEM[0]=0x00000000 | DMEM[4]=0xxxxxxxxx | stall=0
  483 | ^ | PC=0x000ea050 | INSTR=0x00000013 | DMEM[0]=0x00000000 | DMEM[4]=0xxxxxxxxx | stall=0
  483 | v | PC=0x000ea850 | INSTR=0x00000013 | DMEM[0]=0x00000000 | DMEM[4]=0xxxxxxxxx | stall=0
  484 | ^ | PC=0x000ea850 | INSTR=0x00000013 | DMEM[0]=0x00000000 | DMEM[4]=0xxxxxxxxx | stall=0
  484 | v | PC=0x000eb050 | INSTR=0x00000013 | DMEM[0]=0x00000000 | DMEM[4]=0xxxxxxxxx | stall=0
  485 | ^ | PC=0x000eb050 | INSTR=0x00000013 | DMEM[0]=0x00000000 | DMEM[4]=0xxxxxxxxx | stall=0
  485 | v | PC=0x000eb850 | INSTR=0x00000013 | DMEM[0]=0x00000000 | DMEM[4]=0xxxxxxxxx | stall=0
  486 | ^ | PC=0x000eb850 | INSTR=0x00000013 | DMEM[0]=0x00000000 | DMEM[4]=0xxxxxxxxx | stall=0
  486 | v | PC=0x000ec050 | INSTR=0x00000013 | DMEM[0]=0x00000000 | DMEM[4]=0xxxxxxxxx | stall=0
  487 | ^ | PC=0x000ec050 | INSTR=0x00000013 | DMEM[0]=0x00000000 | DMEM[4]=0xxxxxxxxx | stall=0
  487 | v | PC=0x000ec850 | INSTR=0x00000013 | DMEM[0]=0x00000000 | DMEM[4]=0xxxxxxxxx | stall=0
  488 | ^ | PC=0x000ec850 | INSTR=0x00000013 | DMEM[0]=0x00000000 | DMEM[4]=0xxxxxxxxx | stall=0
  488 | v | PC=0x000ed050 | INSTR=0x00000013 | DMEM[0]=0x00000000 | DMEM[4]=0xxxxxxxxx | stall=0
  489 | ^ | PC=0x000ed050 | INSTR=0x00000013 | DMEM[0]=0x00000000 | DMEM[4]=0xxxxxxxxx | stall=0
  489 | v | PC=0x000ed850 | INSTR=0x00000013 | DMEM[0]=0x00000000 | DMEM[4]=0xxxxxxxxx | stall=0
  490 | ^ | PC=0x000ed850 | INSTR=0x00000013 | DMEM[0]=0x00000000 | DMEM[4]=0xxxxxxxxx | stall=0
  490 | v | PC=0x000ee050 | INSTR=0x00000013 | DMEM[0]=0x00000000 | DMEM[4]=0xxxxxxxxx | stall=0
  491 | ^ | PC=0x000ee050 | INSTR=0x00000013 | DMEM[0]=0x00000000 | DMEM[4]=0xxxxxxxxx | stall=0
  491 | v | PC=0x000ee850 | INSTR=0x00000013 | DMEM[0]=0x00000000 | DMEM[4]=0xxxxxxxxx | stall=0
  492 | ^ | PC=0x000ee850 | INSTR=0x00000013 | DMEM[0]=0x00000000 | DMEM[4]=0xxxxxxxxx | stall=0
  492 | v | PC=0x000ef050 | INSTR=0x00000013 | DMEM[0]=0x00000000 | DMEM[4]=0xxxxxxxxx | stall=0
  493 | ^ | PC=0x000ef050 | INSTR=0x00000013 | DMEM[0]=0x00000000 | DMEM[4]=0xxxxxxxxx | stall=0
  493 | v | PC=0x000ef850 | INSTR=0x00000013 | DMEM[0]=0x00000000 | DMEM[4]=0xxxxxxxxx | stall=0
  494 | ^ | PC=0x000ef850 | INSTR=0x00000013 | DMEM[0]=0x00000000 | DMEM[4]=0xxxxxxxxx | stall=0
  494 | v | PC=0x000f0050 | INSTR=0x00000013 | DMEM[0]=0x00000000 | DMEM[4]=0xxxxxxxxx | stall=0
  495 | ^ | PC=0x000f0050 | INSTR=0x00000013 | DMEM[0]=0x00000000 | DMEM[4]=0xxxxxxxxx | stall=0
  495 | v | PC=0x000f0850 | INSTR=0x00000013 | DMEM[0]=0x00000000 | DMEM[4]=0xxxxxxxxx | stall=0
  496 | ^ | PC=0x000f0850 | INSTR=0x00000013 | DMEM[0]=0x00000000 | DMEM[4]=0xxxxxxxxx | stall=0
  496 | v | PC=0x000f1050 | INSTR=0x00000013 | DMEM[0]=0x00000000 | DMEM[4]=0xxxxxxxxx | stall=0
  497 | ^ | PC=0x000f1050 | INSTR=0x00000013 | DMEM[0]=0x00000000 | DMEM[4]=0xxxxxxxxx | stall=0
  497 | v | PC=0x000f1850 | INSTR=0x00000013 | DMEM[0]=0x00000000 | DMEM[4]=0xxxxxxxxx | stall=0
  498 | ^ | PC=0x000f1850 | INSTR=0x00000013 | DMEM[0]=0x00000000 | DMEM[4]=0xxxxxxxxx | stall=0
  498 | v | PC=0x000f2050 | INSTR=0x00000013 | DMEM[0]=0x00000000 | DMEM[4]=0xxxxxxxxx | stall=0
  499 | ^ | PC=0x000f2050 | INSTR=0x00000013 | DMEM[0]=0x00000000 | DMEM[4]=0xxxxxxxxx | stall=0
  499 | v | PC=0x000f2850 | INSTR=0x00000013 | DMEM[0]=0x00000000 | DMEM[4]=0xxxxxxxxx | stall=0

[TIMEOUT] Max cycles reached

[STEP 5] Final register file:
  x00 = 0xxxxxxxxx
  x01 = 0x00000000
  x02 = 0xxxxxxxxx
  x03 = 0x00000002
  x04 = 0x00000001
  x05 = 0xxxxxxxxx
  x06 = 0xxxxxxxxx
  x07 = 0xxxxxxxxx

[STEP 5] Final DMEM:
  DMEM[ 0] = 0x00000000
  DMEM[ 4] = 0xxxxxxxxx
  DMEM[ 8] = 0xxxxxxxxx
  DMEM[12] = 0xxxxxxxxx

[STEP 6] Checking results...
    FAIL  x3 = 0 (countdown done)             got=0x00000002  expected=0x00000000
    PASS  x4 = 1 (decrement value)            got=0x00000001
    FAIL  x6 = 10 (addi x6,x0,10)             got=0xxxxxxxxx  expected=0x0000000a
    FAIL  DMEM[4] = 10 (sw x6,4)              got=0xxxxxxxxx  expected=0x0000000a

========================================
  1 passed, 3 failed
========================================
  SOME TESTS FAILED
$finish called from file "../../top/tb_TOP.sv", line 419.
$finish at simulation time              5160000
           V C S   S i m u l a t i o n   R e p o r t 
Time: 5160000 ps
CPU Time:      0.430 seconds;       Data structure size:   1.0Mb
Sun May  3 14:06:46 2026
