**INFO: Starting Blocking QThread with 4 CPU
   ____________________________________________________________________
__/ message from Blocking QThread
Multi-CPU acceleration using 4 CPU(s).
*** QThread MetricCollect [begin] (IncrReplace #1 / place_opt_design #1) : mem = 0.0M
Multithreaded Timing Analysis is initialized with 4 threads

###############################################################
#  Generated by:      Cadence Innovus 23.30-p003_1
#  OS:                Linux x86_64(Host ID dell52)
#  Generated on:      Fri May  1 22:09:42 2026
#  Design:            top
#  Command:           place_opt_design -out_dir ../reports/layout/ -prefix place
###############################################################

REPORT ANALYSIS SUMMARY (View:normWC) (EL:Setup)
=========================================================================================================================================================================================================

GroupType:*
=========================================================================================================================================================================================================

         All                             IN2REG                          IN2OUT                           REG2REG                              REG2OUT
    -----------------------------------------------------------------------------------------------------------------------------------------------------------------------------------------------------  
     WNS:TNS:#VIO                     WNS:TNS:#VIO                     WNS:TNS:#VIO                     WNS:TNS:#VIO                     WNS:TNS:#VIO                     FromClk->ToClk                   
    -----------------------------------------------------------------------------------------------------------------------------------------------------------------------------------------------------  
    -0.011:-0.886:235                -0.011:-0.886:235                0.000:0.000:0                    0.000:0.000:0                    0.000:0.000:0                    *->*
    -----------------------------------------------------------------------------------------------------------------------------------------------------------------------------------------------------
Ending "set_metric_timing_analysis_summary" (total cpu=0:00:00.2, real=0:00:00.0, peak res=3764.6M, current mem=2953.9M)
Ending "get_summary_setup_timing" (total cpu=0:00:00.4, real=0:00:00.0, peak res=3764.6M, current mem=2954.2M)
*** QThread MetricCollect [finish] (IncrReplace #1 / place_opt_design #1) : cpu/real = 0:00:00.5/0:00:00.5 (1.0), mem = 0.0M
_______________________________________________________________________
